20231107 200205.110 INFO             PET01 !!!!!!!!!!!!!!!!!!!!!!!!!!!!!!!!!!!!!!!!!!!!!!!!!!!!!!
20231107 200205.110 INFO             PET01 !!! THE ESMF_LOG IS SET TO OUTPUT ALL LOG MESSAGES !!!
20231107 200205.110 INFO             PET01 !!!     THIS MAY CAUSE SLOWDOWN IN PERFORMANCE     !!!
20231107 200205.110 INFO             PET01 !!! FOR PRODUCTION RUNS, USE:                      !!!
20231107 200205.110 INFO             PET01 !!!                   ESMF_LOGKIND_Multi_On_Error  !!!
20231107 200205.110 INFO             PET01 !!!!!!!!!!!!!!!!!!!!!!!!!!!!!!!!!!!!!!!!!!!!!!!!!!!!!!
20231107 200205.110 INFO             PET01 Running with ESMF Version   : 8.4.2
20231107 200205.110 INFO             PET01 ESMF library build date/time: "Jun 28 2023" "22:44:14"
20231107 200205.110 INFO             PET01 ESMF library build location : /home/conda/feedstock_root/build_artifacts/esmf_1687991243524/work
20231107 200205.110 INFO             PET01 ESMF_COMM                   : mpich
20231107 200205.125 INFO             PET01 ESMF_MOAB                   : enabled
20231107 200205.125 INFO             PET01 ESMF_LAPACK                 : enabled
20231107 200205.125 INFO             PET01 ESMF_NETCDF                 : enabled
20231107 200205.125 INFO             PET01 ESMF_PNETCDF                : disabled
20231107 200205.125 INFO             PET01 ESMF_PIO                    : enabled
20231107 200205.125 INFO             PET01 ESMF_YAMLCPP                : enabled
20231107 200223.586 INFO             PET01 Finalizing ESMF
20231107 201003.783 INFO             PET01 !!!!!!!!!!!!!!!!!!!!!!!!!!!!!!!!!!!!!!!!!!!!!!!!!!!!!!
20231107 201003.783 INFO             PET01 !!! THE ESMF_LOG IS SET TO OUTPUT ALL LOG MESSAGES !!!
20231107 201003.783 INFO             PET01 !!!     THIS MAY CAUSE SLOWDOWN IN PERFORMANCE     !!!
20231107 201003.783 INFO             PET01 !!! FOR PRODUCTION RUNS, USE:                      !!!
20231107 201003.783 INFO             PET01 !!!                   ESMF_LOGKIND_Multi_On_Error  !!!
20231107 201003.783 INFO             PET01 !!!!!!!!!!!!!!!!!!!!!!!!!!!!!!!!!!!!!!!!!!!!!!!!!!!!!!
20231107 201003.783 INFO             PET01 Running with ESMF Version   : 8.4.2
20231107 201003.784 INFO             PET01 ESMF library build date/time: "Jun 28 2023" "22:44:14"
20231107 201003.784 INFO             PET01 ESMF library build location : /home/conda/feedstock_root/build_artifacts/esmf_1687991243524/work
20231107 201003.784 INFO             PET01 ESMF_COMM                   : mpich
20231107 201003.848 INFO             PET01 ESMF_MOAB                   : enabled
20231107 201003.848 INFO             PET01 ESMF_LAPACK                 : enabled
20231107 201003.848 INFO             PET01 ESMF_NETCDF                 : enabled
20231107 201003.848 INFO             PET01 ESMF_PNETCDF                : disabled
20231107 201003.848 INFO             PET01 ESMF_PIO                    : enabled
20231107 201003.848 INFO             PET01 ESMF_YAMLCPP                : enabled
20231107 201025.264 INFO             PET01 Finalizing ESMF
20231107 202203.558 INFO             PET01 !!!!!!!!!!!!!!!!!!!!!!!!!!!!!!!!!!!!!!!!!!!!!!!!!!!!!!
20231107 202203.558 INFO             PET01 !!! THE ESMF_LOG IS SET TO OUTPUT ALL LOG MESSAGES !!!
20231107 202203.558 INFO             PET01 !!!     THIS MAY CAUSE SLOWDOWN IN PERFORMANCE     !!!
20231107 202203.558 INFO             PET01 !!! FOR PRODUCTION RUNS, USE:                      !!!
20231107 202203.558 INFO             PET01 !!!                   ESMF_LOGKIND_Multi_On_Error  !!!
20231107 202203.558 INFO             PET01 !!!!!!!!!!!!!!!!!!!!!!!!!!!!!!!!!!!!!!!!!!!!!!!!!!!!!!
20231107 202203.558 INFO             PET01 Running with ESMF Version   : 8.4.2
20231107 202203.559 INFO             PET01 ESMF library build date/time: "Jun 28 2023" "22:44:14"
20231107 202203.559 INFO             PET01 ESMF library build location : /home/conda/feedstock_root/build_artifacts/esmf_1687991243524/work
20231107 202203.559 INFO             PET01 ESMF_COMM                   : mpich
20231107 202203.566 INFO             PET01 ESMF_MOAB                   : enabled
20231107 202203.566 INFO             PET01 ESMF_LAPACK                 : enabled
20231107 202203.566 INFO             PET01 ESMF_NETCDF                 : enabled
20231107 202203.566 INFO             PET01 ESMF_PNETCDF                : disabled
20231107 202203.566 INFO             PET01 ESMF_PIO                    : enabled
20231107 202203.566 INFO             PET01 ESMF_YAMLCPP                : enabled
20231107 202444.235 INFO             PET01 Finalizing ESMF
20231107 231010.055 INFO             PET01 !!!!!!!!!!!!!!!!!!!!!!!!!!!!!!!!!!!!!!!!!!!!!!!!!!!!!!
20231107 231010.055 INFO             PET01 !!! THE ESMF_LOG IS SET TO OUTPUT ALL LOG MESSAGES !!!
20231107 231010.055 INFO             PET01 !!!     THIS MAY CAUSE SLOWDOWN IN PERFORMANCE     !!!
20231107 231010.055 INFO             PET01 !!! FOR PRODUCTION RUNS, USE:                      !!!
20231107 231010.055 INFO             PET01 !!!                   ESMF_LOGKIND_Multi_On_Error  !!!
20231107 231010.055 INFO             PET01 !!!!!!!!!!!!!!!!!!!!!!!!!!!!!!!!!!!!!!!!!!!!!!!!!!!!!!
20231107 231010.055 INFO             PET01 Running with ESMF Version   : 8.4.2
20231107 231010.055 INFO             PET01 ESMF library build date/time: "Jun 28 2023" "22:44:14"
20231107 231010.055 INFO             PET01 ESMF library build location : /home/conda/feedstock_root/build_artifacts/esmf_1687991243524/work
20231107 231010.055 INFO             PET01 ESMF_COMM                   : mpich
20231107 231010.065 INFO             PET01 ESMF_MOAB                   : enabled
20231107 231010.065 INFO             PET01 ESMF_LAPACK                 : enabled
20231107 231010.065 INFO             PET01 ESMF_NETCDF                 : enabled
20231107 231010.065 INFO             PET01 ESMF_PNETCDF                : disabled
20231107 231010.065 INFO             PET01 ESMF_PIO                    : enabled
20231107 231010.065 INFO             PET01 ESMF_YAMLCPP                : enabled
20231107 231228.637 INFO             PET01 Finalizing ESMF
20231108 024438.596 INFO             PET01 !!!!!!!!!!!!!!!!!!!!!!!!!!!!!!!!!!!!!!!!!!!!!!!!!!!!!!
20231108 024438.596 INFO             PET01 !!! THE ESMF_LOG IS SET TO OUTPUT ALL LOG MESSAGES !!!
20231108 024438.596 INFO             PET01 !!!     THIS MAY CAUSE SLOWDOWN IN PERFORMANCE     !!!
20231108 024438.596 INFO             PET01 !!! FOR PRODUCTION RUNS, USE:                      !!!
20231108 024438.596 INFO             PET01 !!!                   ESMF_LOGKIND_Multi_On_Error  !!!
20231108 024438.596 INFO             PET01 !!!!!!!!!!!!!!!!!!!!!!!!!!!!!!!!!!!!!!!!!!!!!!!!!!!!!!
20231108 024438.596 INFO             PET01 Running with ESMF Version   : 8.4.2
20231108 024438.596 INFO             PET01 ESMF library build date/time: "Jun 28 2023" "22:44:14"
20231108 024438.596 INFO             PET01 ESMF library build location : /home/conda/feedstock_root/build_artifacts/esmf_1687991243524/work
20231108 024438.596 INFO             PET01 ESMF_COMM                   : mpich
20231108 024438.678 INFO             PET01 ESMF_MOAB                   : enabled
20231108 024438.678 INFO             PET01 ESMF_LAPACK                 : enabled
20231108 024438.678 INFO             PET01 ESMF_NETCDF                 : enabled
20231108 024438.678 INFO             PET01 ESMF_PNETCDF                : disabled
20231108 024438.678 INFO             PET01 ESMF_PIO                    : enabled
20231108 024438.678 INFO             PET01 ESMF_YAMLCPP                : enabled
20231108 024514.715 INFO             PET01 Finalizing ESMF
20231108 030727.844 INFO             PET01 !!!!!!!!!!!!!!!!!!!!!!!!!!!!!!!!!!!!!!!!!!!!!!!!!!!!!!
20231108 030727.844 INFO             PET01 !!! THE ESMF_LOG IS SET TO OUTPUT ALL LOG MESSAGES !!!
20231108 030727.844 INFO             PET01 !!!     THIS MAY CAUSE SLOWDOWN IN PERFORMANCE     !!!
20231108 030727.844 INFO             PET01 !!! FOR PRODUCTION RUNS, USE:                      !!!
20231108 030727.844 INFO             PET01 !!!                   ESMF_LOGKIND_Multi_On_Error  !!!
20231108 030727.844 INFO             PET01 !!!!!!!!!!!!!!!!!!!!!!!!!!!!!!!!!!!!!!!!!!!!!!!!!!!!!!
20231108 030727.844 INFO             PET01 Running with ESMF Version   : 8.4.2
20231108 030727.844 INFO             PET01 ESMF library build date/time: "Jun 28 2023" "22:44:14"
20231108 030727.844 INFO             PET01 ESMF library build location : /home/conda/feedstock_root/build_artifacts/esmf_1687991243524/work
20231108 030727.844 INFO             PET01 ESMF_COMM                   : mpich
20231108 030727.881 INFO             PET01 ESMF_MOAB                   : enabled
20231108 030727.881 INFO             PET01 ESMF_LAPACK                 : enabled
20231108 030727.881 INFO             PET01 ESMF_NETCDF                 : enabled
20231108 030727.881 INFO             PET01 ESMF_PNETCDF                : disabled
20231108 030727.881 INFO             PET01 ESMF_PIO                    : enabled
20231108 030727.881 INFO             PET01 ESMF_YAMLCPP                : enabled
20231108 030840.574 INFO             PET01 Finalizing ESMF
20231108 034858.025 INFO             PET01 !!!!!!!!!!!!!!!!!!!!!!!!!!!!!!!!!!!!!!!!!!!!!!!!!!!!!!
20231108 034858.025 INFO             PET01 !!! THE ESMF_LOG IS SET TO OUTPUT ALL LOG MESSAGES !!!
20231108 034858.025 INFO             PET01 !!!     THIS MAY CAUSE SLOWDOWN IN PERFORMANCE     !!!
20231108 034858.025 INFO             PET01 !!! FOR PRODUCTION RUNS, USE:                      !!!
20231108 034858.025 INFO             PET01 !!!                   ESMF_LOGKIND_Multi_On_Error  !!!
20231108 034858.025 INFO             PET01 !!!!!!!!!!!!!!!!!!!!!!!!!!!!!!!!!!!!!!!!!!!!!!!!!!!!!!
20231108 034858.025 INFO             PET01 Running with ESMF Version   : 8.4.2
20231108 034858.025 INFO             PET01 ESMF library build date/time: "Jun 28 2023" "22:44:14"
20231108 034858.025 INFO             PET01 ESMF library build location : /home/conda/feedstock_root/build_artifacts/esmf_1687991243524/work
20231108 034858.025 INFO             PET01 ESMF_COMM                   : mpich
20231108 034858.070 INFO             PET01 ESMF_MOAB                   : enabled
20231108 034858.070 INFO             PET01 ESMF_LAPACK                 : enabled
20231108 034858.070 INFO             PET01 ESMF_NETCDF                 : enabled
20231108 034858.070 INFO             PET01 ESMF_PNETCDF                : disabled
20231108 034858.070 INFO             PET01 ESMF_PIO                    : enabled
20231108 034858.070 INFO             PET01 ESMF_YAMLCPP                : enabled
20231108 035005.609 INFO             PET01 Finalizing ESMF
20231108 053503.859 INFO             PET01 !!!!!!!!!!!!!!!!!!!!!!!!!!!!!!!!!!!!!!!!!!!!!!!!!!!!!!
20231108 053503.859 INFO             PET01 !!! THE ESMF_LOG IS SET TO OUTPUT ALL LOG MESSAGES !!!
20231108 053503.859 INFO             PET01 !!!     THIS MAY CAUSE SLOWDOWN IN PERFORMANCE     !!!
20231108 053503.859 INFO             PET01 !!! FOR PRODUCTION RUNS, USE:                      !!!
20231108 053503.859 INFO             PET01 !!!                   ESMF_LOGKIND_Multi_On_Error  !!!
20231108 053503.859 INFO             PET01 !!!!!!!!!!!!!!!!!!!!!!!!!!!!!!!!!!!!!!!!!!!!!!!!!!!!!!
20231108 053503.859 INFO             PET01 Running with ESMF Version   : 8.4.2
20231108 053503.859 INFO             PET01 ESMF library build date/time: "Jun 28 2023" "22:44:14"
20231108 053503.859 INFO             PET01 ESMF library build location : /home/conda/feedstock_root/build_artifacts/esmf_1687991243524/work
20231108 053503.859 INFO             PET01 ESMF_COMM                   : mpich
20231108 053503.945 INFO             PET01 ESMF_MOAB                   : enabled
20231108 053503.945 INFO             PET01 ESMF_LAPACK                 : enabled
20231108 053503.945 INFO             PET01 ESMF_NETCDF                 : enabled
20231108 053503.945 INFO             PET01 ESMF_PNETCDF                : disabled
20231108 053503.945 INFO             PET01 ESMF_PIO                    : enabled
20231108 053503.945 INFO             PET01 ESMF_YAMLCPP                : enabled
20231108 053609.695 INFO             PET01 Finalizing ESMF
20231108 061345.484 INFO             PET01 !!!!!!!!!!!!!!!!!!!!!!!!!!!!!!!!!!!!!!!!!!!!!!!!!!!!!!
20231108 061345.484 INFO             PET01 !!! THE ESMF_LOG IS SET TO OUTPUT ALL LOG MESSAGES !!!
20231108 061345.484 INFO             PET01 !!!     THIS MAY CAUSE SLOWDOWN IN PERFORMANCE     !!!
20231108 061345.484 INFO             PET01 !!! FOR PRODUCTION RUNS, USE:                      !!!
20231108 061345.484 INFO             PET01 !!!                   ESMF_LOGKIND_Multi_On_Error  !!!
20231108 061345.484 INFO             PET01 !!!!!!!!!!!!!!!!!!!!!!!!!!!!!!!!!!!!!!!!!!!!!!!!!!!!!!
20231108 061345.484 INFO             PET01 Running with ESMF Version   : 8.4.2
20231108 061345.485 INFO             PET01 ESMF library build date/time: "Jun 28 2023" "22:44:14"
20231108 061345.485 INFO             PET01 ESMF library build location : /home/conda/feedstock_root/build_artifacts/esmf_1687991243524/work
20231108 061345.485 INFO             PET01 ESMF_COMM                   : mpich
20231108 061345.524 INFO             PET01 ESMF_MOAB                   : enabled
20231108 061345.524 INFO             PET01 ESMF_LAPACK                 : enabled
20231108 061345.524 INFO             PET01 ESMF_NETCDF                 : enabled
20231108 061345.524 INFO             PET01 ESMF_PNETCDF                : disabled
20231108 061345.524 INFO             PET01 ESMF_PIO                    : enabled
20231108 061345.524 INFO             PET01 ESMF_YAMLCPP                : enabled
20231108 061412.874 INFO             PET01 Finalizing ESMF
20231108 062741.802 INFO             PET01 !!!!!!!!!!!!!!!!!!!!!!!!!!!!!!!!!!!!!!!!!!!!!!!!!!!!!!
20231108 062741.803 INFO             PET01 !!! THE ESMF_LOG IS SET TO OUTPUT ALL LOG MESSAGES !!!
20231108 062741.803 INFO             PET01 !!!     THIS MAY CAUSE SLOWDOWN IN PERFORMANCE     !!!
20231108 062741.803 INFO             PET01 !!! FOR PRODUCTION RUNS, USE:                      !!!
20231108 062741.803 INFO             PET01 !!!                   ESMF_LOGKIND_Multi_On_Error  !!!
20231108 062741.803 INFO             PET01 !!!!!!!!!!!!!!!!!!!!!!!!!!!!!!!!!!!!!!!!!!!!!!!!!!!!!!
20231108 062741.803 INFO             PET01 Running with ESMF Version   : 8.4.2
20231108 062741.803 INFO             PET01 ESMF library build date/time: "Jun 28 2023" "22:44:14"
20231108 062741.803 INFO             PET01 ESMF library build location : /home/conda/feedstock_root/build_artifacts/esmf_1687991243524/work
20231108 062741.803 INFO             PET01 ESMF_COMM                   : mpich
20231108 062741.851 INFO             PET01 ESMF_MOAB                   : enabled
20231108 062741.851 INFO             PET01 ESMF_LAPACK                 : enabled
20231108 062741.851 INFO             PET01 ESMF_NETCDF                 : enabled
20231108 062741.851 INFO             PET01 ESMF_PNETCDF                : disabled
20231108 062741.851 INFO             PET01 ESMF_PIO                    : enabled
20231108 062741.851 INFO             PET01 ESMF_YAMLCPP                : enabled
20231108 062808.211 INFO             PET01 Finalizing ESMF
20231108 064103.477 INFO             PET01 !!!!!!!!!!!!!!!!!!!!!!!!!!!!!!!!!!!!!!!!!!!!!!!!!!!!!!
20231108 064103.477 INFO             PET01 !!! THE ESMF_LOG IS SET TO OUTPUT ALL LOG MESSAGES !!!
20231108 064103.477 INFO             PET01 !!!     THIS MAY CAUSE SLOWDOWN IN PERFORMANCE     !!!
20231108 064103.477 INFO             PET01 !!! FOR PRODUCTION RUNS, USE:                      !!!
20231108 064103.477 INFO             PET01 !!!                   ESMF_LOGKIND_Multi_On_Error  !!!
20231108 064103.477 INFO             PET01 !!!!!!!!!!!!!!!!!!!!!!!!!!!!!!!!!!!!!!!!!!!!!!!!!!!!!!
20231108 064103.477 INFO             PET01 Running with ESMF Version   : 8.4.2
20231108 064103.477 INFO             PET01 ESMF library build date/time: "Jun 28 2023" "22:44:14"
20231108 064103.477 INFO             PET01 ESMF library build location : /home/conda/feedstock_root/build_artifacts/esmf_1687991243524/work
20231108 064103.477 INFO             PET01 ESMF_COMM                   : mpich
20231108 064103.514 INFO             PET01 ESMF_MOAB                   : enabled
20231108 064103.514 INFO             PET01 ESMF_LAPACK                 : enabled
20231108 064103.514 INFO             PET01 ESMF_NETCDF                 : enabled
20231108 064103.514 INFO             PET01 ESMF_PNETCDF                : disabled
20231108 064103.514 INFO             PET01 ESMF_PIO                    : enabled
20231108 064103.514 INFO             PET01 ESMF_YAMLCPP                : enabled
20231108 064320.205 INFO             PET01 Finalizing ESMF
20231108 081156.254 INFO             PET01 !!!!!!!!!!!!!!!!!!!!!!!!!!!!!!!!!!!!!!!!!!!!!!!!!!!!!!
20231108 081156.254 INFO             PET01 !!! THE ESMF_LOG IS SET TO OUTPUT ALL LOG MESSAGES !!!
20231108 081156.254 INFO             PET01 !!!     THIS MAY CAUSE SLOWDOWN IN PERFORMANCE     !!!
20231108 081156.254 INFO             PET01 !!! FOR PRODUCTION RUNS, USE:                      !!!
20231108 081156.254 INFO             PET01 !!!                   ESMF_LOGKIND_Multi_On_Error  !!!
20231108 081156.254 INFO             PET01 !!!!!!!!!!!!!!!!!!!!!!!!!!!!!!!!!!!!!!!!!!!!!!!!!!!!!!
20231108 081156.254 INFO             PET01 Running with ESMF Version   : 8.4.2
20231108 081156.254 INFO             PET01 ESMF library build date/time: "Jun 28 2023" "22:44:14"
20231108 081156.254 INFO             PET01 ESMF library build location : /home/conda/feedstock_root/build_artifacts/esmf_1687991243524/work
20231108 081156.254 INFO             PET01 ESMF_COMM                   : mpich
20231108 081156.298 INFO             PET01 ESMF_MOAB                   : enabled
20231108 081156.298 INFO             PET01 ESMF_LAPACK                 : enabled
20231108 081156.298 INFO             PET01 ESMF_NETCDF                 : enabled
20231108 081156.298 INFO             PET01 ESMF_PNETCDF                : disabled
20231108 081156.298 INFO             PET01 ESMF_PIO                    : enabled
20231108 081156.298 INFO             PET01 ESMF_YAMLCPP                : enabled
20231108 081415.745 INFO             PET01 Finalizing ESMF
20231108 090451.319 INFO             PET01 !!!!!!!!!!!!!!!!!!!!!!!!!!!!!!!!!!!!!!!!!!!!!!!!!!!!!!
20231108 090451.319 INFO             PET01 !!! THE ESMF_LOG IS SET TO OUTPUT ALL LOG MESSAGES !!!
20231108 090451.319 INFO             PET01 !!!     THIS MAY CAUSE SLOWDOWN IN PERFORMANCE     !!!
20231108 090451.319 INFO             PET01 !!! FOR PRODUCTION RUNS, USE:                      !!!
20231108 090451.319 INFO             PET01 !!!                   ESMF_LOGKIND_Multi_On_Error  !!!
20231108 090451.319 INFO             PET01 !!!!!!!!!!!!!!!!!!!!!!!!!!!!!!!!!!!!!!!!!!!!!!!!!!!!!!
20231108 090451.319 INFO             PET01 Running with ESMF Version   : 8.4.2
20231108 090451.320 INFO             PET01 ESMF library build date/time: "Jun 28 2023" "22:44:14"
20231108 090451.320 INFO             PET01 ESMF library build location : /home/conda/feedstock_root/build_artifacts/esmf_1687991243524/work
20231108 090451.320 INFO             PET01 ESMF_COMM                   : mpich
20231108 090451.327 INFO             PET01 ESMF_MOAB                   : enabled
20231108 090451.327 INFO             PET01 ESMF_LAPACK                 : enabled
20231108 090451.327 INFO             PET01 ESMF_NETCDF                 : enabled
20231108 090451.327 INFO             PET01 ESMF_PNETCDF                : disabled
20231108 090451.327 INFO             PET01 ESMF_PIO                    : enabled
20231108 090451.327 INFO             PET01 ESMF_YAMLCPP                : enabled
20231108 090504.547 INFO             PET01 Finalizing ESMF
20231108 090608.719 INFO             PET01 !!!!!!!!!!!!!!!!!!!!!!!!!!!!!!!!!!!!!!!!!!!!!!!!!!!!!!
20231108 090608.719 INFO             PET01 !!! THE ESMF_LOG IS SET TO OUTPUT ALL LOG MESSAGES !!!
20231108 090608.719 INFO             PET01 !!!     THIS MAY CAUSE SLOWDOWN IN PERFORMANCE     !!!
20231108 090608.719 INFO             PET01 !!! FOR PRODUCTION RUNS, USE:                      !!!
20231108 090608.719 INFO             PET01 !!!                   ESMF_LOGKIND_Multi_On_Error  !!!
20231108 090608.719 INFO             PET01 !!!!!!!!!!!!!!!!!!!!!!!!!!!!!!!!!!!!!!!!!!!!!!!!!!!!!!
20231108 090608.719 INFO             PET01 Running with ESMF Version   : 8.4.2
20231108 090608.720 INFO             PET01 ESMF library build date/time: "Jun 28 2023" "22:44:14"
20231108 090608.720 INFO             PET01 ESMF library build location : /home/conda/feedstock_root/build_artifacts/esmf_1687991243524/work
20231108 090608.720 INFO             PET01 ESMF_COMM                   : mpich
20231108 090608.727 INFO             PET01 ESMF_MOAB                   : enabled
20231108 090608.727 INFO             PET01 ESMF_LAPACK                 : enabled
20231108 090608.727 INFO             PET01 ESMF_NETCDF                 : enabled
20231108 090608.727 INFO             PET01 ESMF_PNETCDF                : disabled
20231108 090608.727 INFO             PET01 ESMF_PIO                    : enabled
20231108 090608.727 INFO             PET01 ESMF_YAMLCPP                : enabled
20231108 090623.050 INFO             PET01 Finalizing ESMF
20231108 090724.626 INFO             PET01 !!!!!!!!!!!!!!!!!!!!!!!!!!!!!!!!!!!!!!!!!!!!!!!!!!!!!!
20231108 090724.626 INFO             PET01 !!! THE ESMF_LOG IS SET TO OUTPUT ALL LOG MESSAGES !!!
20231108 090724.626 INFO             PET01 !!!     THIS MAY CAUSE SLOWDOWN IN PERFORMANCE     !!!
20231108 090724.626 INFO             PET01 !!! FOR PRODUCTION RUNS, USE:                      !!!
20231108 090724.626 INFO             PET01 !!!                   ESMF_LOGKIND_Multi_On_Error  !!!
20231108 090724.626 INFO             PET01 !!!!!!!!!!!!!!!!!!!!!!!!!!!!!!!!!!!!!!!!!!!!!!!!!!!!!!
20231108 090724.626 INFO             PET01 Running with ESMF Version   : 8.4.2
20231108 090724.626 INFO             PET01 ESMF library build date/time: "Jun 28 2023" "22:44:14"
20231108 090724.626 INFO             PET01 ESMF library build location : /home/conda/feedstock_root/build_artifacts/esmf_1687991243524/work
20231108 090724.626 INFO             PET01 ESMF_COMM                   : mpich
20231108 090724.631 INFO             PET01 ESMF_MOAB                   : enabled
20231108 090724.631 INFO             PET01 ESMF_LAPACK                 : enabled
20231108 090724.631 INFO             PET01 ESMF_NETCDF                 : enabled
20231108 090724.631 INFO             PET01 ESMF_PNETCDF                : disabled
20231108 090724.631 INFO             PET01 ESMF_PIO                    : enabled
20231108 090724.631 INFO             PET01 ESMF_YAMLCPP                : enabled
20231108 091645.189 INFO             PET01 Finalizing ESMF
20231108 115804.395 INFO             PET01 !!!!!!!!!!!!!!!!!!!!!!!!!!!!!!!!!!!!!!!!!!!!!!!!!!!!!!
20231108 115804.395 INFO             PET01 !!! THE ESMF_LOG IS SET TO OUTPUT ALL LOG MESSAGES !!!
20231108 115804.395 INFO             PET01 !!!     THIS MAY CAUSE SLOWDOWN IN PERFORMANCE     !!!
20231108 115804.395 INFO             PET01 !!! FOR PRODUCTION RUNS, USE:                      !!!
20231108 115804.395 INFO             PET01 !!!                   ESMF_LOGKIND_Multi_On_Error  !!!
20231108 115804.395 INFO             PET01 !!!!!!!!!!!!!!!!!!!!!!!!!!!!!!!!!!!!!!!!!!!!!!!!!!!!!!
20231108 115804.395 INFO             PET01 Running with ESMF Version   : 8.4.2
20231108 115804.395 INFO             PET01 ESMF library build date/time: "Jun 28 2023" "22:44:14"
20231108 115804.395 INFO             PET01 ESMF library build location : /home/conda/feedstock_root/build_artifacts/esmf_1687991243524/work
20231108 115804.395 INFO             PET01 ESMF_COMM                   : mpich
20231108 115804.418 INFO             PET01 ESMF_MOAB                   : enabled
20231108 115804.418 INFO             PET01 ESMF_LAPACK                 : enabled
20231108 115804.418 INFO             PET01 ESMF_NETCDF                 : enabled
20231108 115804.418 INFO             PET01 ESMF_PNETCDF                : disabled
20231108 115804.418 INFO             PET01 ESMF_PIO                    : enabled
20231108 115804.418 INFO             PET01 ESMF_YAMLCPP                : enabled
20231108 115821.180 INFO             PET01 Finalizing ESMF
