20231107 200205.120 INFO             PET05 !!!!!!!!!!!!!!!!!!!!!!!!!!!!!!!!!!!!!!!!!!!!!!!!!!!!!!
20231107 200205.120 INFO             PET05 !!! THE ESMF_LOG IS SET TO OUTPUT ALL LOG MESSAGES !!!
20231107 200205.120 INFO             PET05 !!!     THIS MAY CAUSE SLOWDOWN IN PERFORMANCE     !!!
20231107 200205.120 INFO             PET05 !!! FOR PRODUCTION RUNS, USE:                      !!!
20231107 200205.120 INFO             PET05 !!!                   ESMF_LOGKIND_Multi_On_Error  !!!
20231107 200205.120 INFO             PET05 !!!!!!!!!!!!!!!!!!!!!!!!!!!!!!!!!!!!!!!!!!!!!!!!!!!!!!
20231107 200205.120 INFO             PET05 Running with ESMF Version   : 8.4.2
20231107 200205.121 INFO             PET05 ESMF library build date/time: "Jun 28 2023" "22:44:14"
20231107 200205.121 INFO             PET05 ESMF library build location : /home/conda/feedstock_root/build_artifacts/esmf_1687991243524/work
20231107 200205.121 INFO             PET05 ESMF_COMM                   : mpich
20231107 200205.142 INFO             PET05 ESMF_MOAB                   : enabled
20231107 200205.142 INFO             PET05 ESMF_LAPACK                 : enabled
20231107 200205.142 INFO             PET05 ESMF_NETCDF                 : enabled
20231107 200205.142 INFO             PET05 ESMF_PNETCDF                : disabled
20231107 200205.142 INFO             PET05 ESMF_PIO                    : enabled
20231107 200205.142 INFO             PET05 ESMF_YAMLCPP                : enabled
20231107 200223.586 INFO             PET05 Finalizing ESMF
20231107 201003.807 INFO             PET05 !!!!!!!!!!!!!!!!!!!!!!!!!!!!!!!!!!!!!!!!!!!!!!!!!!!!!!
20231107 201003.807 INFO             PET05 !!! THE ESMF_LOG IS SET TO OUTPUT ALL LOG MESSAGES !!!
20231107 201003.807 INFO             PET05 !!!     THIS MAY CAUSE SLOWDOWN IN PERFORMANCE     !!!
20231107 201003.807 INFO             PET05 !!! FOR PRODUCTION RUNS, USE:                      !!!
20231107 201003.807 INFO             PET05 !!!                   ESMF_LOGKIND_Multi_On_Error  !!!
20231107 201003.807 INFO             PET05 !!!!!!!!!!!!!!!!!!!!!!!!!!!!!!!!!!!!!!!!!!!!!!!!!!!!!!
20231107 201003.807 INFO             PET05 Running with ESMF Version   : 8.4.2
20231107 201003.807 INFO             PET05 ESMF library build date/time: "Jun 28 2023" "22:44:14"
20231107 201003.807 INFO             PET05 ESMF library build location : /home/conda/feedstock_root/build_artifacts/esmf_1687991243524/work
20231107 201003.807 INFO             PET05 ESMF_COMM                   : mpich
20231107 201003.904 INFO             PET05 ESMF_MOAB                   : enabled
20231107 201003.904 INFO             PET05 ESMF_LAPACK                 : enabled
20231107 201003.904 INFO             PET05 ESMF_NETCDF                 : enabled
20231107 201003.904 INFO             PET05 ESMF_PNETCDF                : disabled
20231107 201003.904 INFO             PET05 ESMF_PIO                    : enabled
20231107 201003.904 INFO             PET05 ESMF_YAMLCPP                : enabled
20231107 201025.263 INFO             PET05 Finalizing ESMF
20231107 202203.556 INFO             PET05 !!!!!!!!!!!!!!!!!!!!!!!!!!!!!!!!!!!!!!!!!!!!!!!!!!!!!!
20231107 202203.556 INFO             PET05 !!! THE ESMF_LOG IS SET TO OUTPUT ALL LOG MESSAGES !!!
20231107 202203.556 INFO             PET05 !!!     THIS MAY CAUSE SLOWDOWN IN PERFORMANCE     !!!
20231107 202203.556 INFO             PET05 !!! FOR PRODUCTION RUNS, USE:                      !!!
20231107 202203.556 INFO             PET05 !!!                   ESMF_LOGKIND_Multi_On_Error  !!!
20231107 202203.556 INFO             PET05 !!!!!!!!!!!!!!!!!!!!!!!!!!!!!!!!!!!!!!!!!!!!!!!!!!!!!!
20231107 202203.556 INFO             PET05 Running with ESMF Version   : 8.4.2
20231107 202203.557 INFO             PET05 ESMF library build date/time: "Jun 28 2023" "22:44:14"
20231107 202203.557 INFO             PET05 ESMF library build location : /home/conda/feedstock_root/build_artifacts/esmf_1687991243524/work
20231107 202203.557 INFO             PET05 ESMF_COMM                   : mpich
20231107 202203.563 INFO             PET05 ESMF_MOAB                   : enabled
20231107 202203.563 INFO             PET05 ESMF_LAPACK                 : enabled
20231107 202203.563 INFO             PET05 ESMF_NETCDF                 : enabled
20231107 202203.563 INFO             PET05 ESMF_PNETCDF                : disabled
20231107 202203.563 INFO             PET05 ESMF_PIO                    : enabled
20231107 202203.563 INFO             PET05 ESMF_YAMLCPP                : enabled
20231107 202444.222 INFO             PET05 Finalizing ESMF
20231107 231010.083 INFO             PET05 !!!!!!!!!!!!!!!!!!!!!!!!!!!!!!!!!!!!!!!!!!!!!!!!!!!!!!
20231107 231010.083 INFO             PET05 !!! THE ESMF_LOG IS SET TO OUTPUT ALL LOG MESSAGES !!!
20231107 231010.083 INFO             PET05 !!!     THIS MAY CAUSE SLOWDOWN IN PERFORMANCE     !!!
20231107 231010.083 INFO             PET05 !!! FOR PRODUCTION RUNS, USE:                      !!!
20231107 231010.083 INFO             PET05 !!!                   ESMF_LOGKIND_Multi_On_Error  !!!
20231107 231010.083 INFO             PET05 !!!!!!!!!!!!!!!!!!!!!!!!!!!!!!!!!!!!!!!!!!!!!!!!!!!!!!
20231107 231010.083 INFO             PET05 Running with ESMF Version   : 8.4.2
20231107 231010.083 INFO             PET05 ESMF library build date/time: "Jun 28 2023" "22:44:14"
20231107 231010.083 INFO             PET05 ESMF library build location : /home/conda/feedstock_root/build_artifacts/esmf_1687991243524/work
20231107 231010.083 INFO             PET05 ESMF_COMM                   : mpich
20231107 231010.115 INFO             PET05 ESMF_MOAB                   : enabled
20231107 231010.115 INFO             PET05 ESMF_LAPACK                 : enabled
20231107 231010.115 INFO             PET05 ESMF_NETCDF                 : enabled
20231107 231010.115 INFO             PET05 ESMF_PNETCDF                : disabled
20231107 231010.115 INFO             PET05 ESMF_PIO                    : enabled
20231107 231010.115 INFO             PET05 ESMF_YAMLCPP                : enabled
20231107 231228.638 INFO             PET05 Finalizing ESMF
20231108 024438.573 INFO             PET05 !!!!!!!!!!!!!!!!!!!!!!!!!!!!!!!!!!!!!!!!!!!!!!!!!!!!!!
20231108 024438.573 INFO             PET05 !!! THE ESMF_LOG IS SET TO OUTPUT ALL LOG MESSAGES !!!
20231108 024438.573 INFO             PET05 !!!     THIS MAY CAUSE SLOWDOWN IN PERFORMANCE     !!!
20231108 024438.573 INFO             PET05 !!! FOR PRODUCTION RUNS, USE:                      !!!
20231108 024438.573 INFO             PET05 !!!                   ESMF_LOGKIND_Multi_On_Error  !!!
20231108 024438.573 INFO             PET05 !!!!!!!!!!!!!!!!!!!!!!!!!!!!!!!!!!!!!!!!!!!!!!!!!!!!!!
20231108 024438.573 INFO             PET05 Running with ESMF Version   : 8.4.2
20231108 024438.573 INFO             PET05 ESMF library build date/time: "Jun 28 2023" "22:44:14"
20231108 024438.573 INFO             PET05 ESMF library build location : /home/conda/feedstock_root/build_artifacts/esmf_1687991243524/work
20231108 024438.573 INFO             PET05 ESMF_COMM                   : mpich
20231108 024438.649 INFO             PET05 ESMF_MOAB                   : enabled
20231108 024438.649 INFO             PET05 ESMF_LAPACK                 : enabled
20231108 024438.649 INFO             PET05 ESMF_NETCDF                 : enabled
20231108 024438.649 INFO             PET05 ESMF_PNETCDF                : disabled
20231108 024438.649 INFO             PET05 ESMF_PIO                    : enabled
20231108 024438.649 INFO             PET05 ESMF_YAMLCPP                : enabled
20231108 024514.717 INFO             PET05 Finalizing ESMF
20231108 030727.832 INFO             PET05 !!!!!!!!!!!!!!!!!!!!!!!!!!!!!!!!!!!!!!!!!!!!!!!!!!!!!!
20231108 030727.832 INFO             PET05 !!! THE ESMF_LOG IS SET TO OUTPUT ALL LOG MESSAGES !!!
20231108 030727.832 INFO             PET05 !!!     THIS MAY CAUSE SLOWDOWN IN PERFORMANCE     !!!
20231108 030727.832 INFO             PET05 !!! FOR PRODUCTION RUNS, USE:                      !!!
20231108 030727.832 INFO             PET05 !!!                   ESMF_LOGKIND_Multi_On_Error  !!!
20231108 030727.832 INFO             PET05 !!!!!!!!!!!!!!!!!!!!!!!!!!!!!!!!!!!!!!!!!!!!!!!!!!!!!!
20231108 030727.832 INFO             PET05 Running with ESMF Version   : 8.4.2
20231108 030727.832 INFO             PET05 ESMF library build date/time: "Jun 28 2023" "22:44:14"
20231108 030727.832 INFO             PET05 ESMF library build location : /home/conda/feedstock_root/build_artifacts/esmf_1687991243524/work
20231108 030727.832 INFO             PET05 ESMF_COMM                   : mpich
20231108 030727.883 INFO             PET05 ESMF_MOAB                   : enabled
20231108 030727.883 INFO             PET05 ESMF_LAPACK                 : enabled
20231108 030727.883 INFO             PET05 ESMF_NETCDF                 : enabled
20231108 030727.883 INFO             PET05 ESMF_PNETCDF                : disabled
20231108 030727.883 INFO             PET05 ESMF_PIO                    : enabled
20231108 030727.883 INFO             PET05 ESMF_YAMLCPP                : enabled
20231108 030840.575 INFO             PET05 Finalizing ESMF
20231108 034858.023 INFO             PET05 !!!!!!!!!!!!!!!!!!!!!!!!!!!!!!!!!!!!!!!!!!!!!!!!!!!!!!
20231108 034858.023 INFO             PET05 !!! THE ESMF_LOG IS SET TO OUTPUT ALL LOG MESSAGES !!!
20231108 034858.023 INFO             PET05 !!!     THIS MAY CAUSE SLOWDOWN IN PERFORMANCE     !!!
20231108 034858.023 INFO             PET05 !!! FOR PRODUCTION RUNS, USE:                      !!!
20231108 034858.023 INFO             PET05 !!!                   ESMF_LOGKIND_Multi_On_Error  !!!
20231108 034858.023 INFO             PET05 !!!!!!!!!!!!!!!!!!!!!!!!!!!!!!!!!!!!!!!!!!!!!!!!!!!!!!
20231108 034858.023 INFO             PET05 Running with ESMF Version   : 8.4.2
20231108 034858.023 INFO             PET05 ESMF library build date/time: "Jun 28 2023" "22:44:14"
20231108 034858.023 INFO             PET05 ESMF library build location : /home/conda/feedstock_root/build_artifacts/esmf_1687991243524/work
20231108 034858.023 INFO             PET05 ESMF_COMM                   : mpich
20231108 034858.082 INFO             PET05 ESMF_MOAB                   : enabled
20231108 034858.082 INFO             PET05 ESMF_LAPACK                 : enabled
20231108 034858.082 INFO             PET05 ESMF_NETCDF                 : enabled
20231108 034858.082 INFO             PET05 ESMF_PNETCDF                : disabled
20231108 034858.082 INFO             PET05 ESMF_PIO                    : enabled
20231108 034858.082 INFO             PET05 ESMF_YAMLCPP                : enabled
20231108 035005.609 INFO             PET05 Finalizing ESMF
20231108 053503.870 INFO             PET05 !!!!!!!!!!!!!!!!!!!!!!!!!!!!!!!!!!!!!!!!!!!!!!!!!!!!!!
20231108 053503.870 INFO             PET05 !!! THE ESMF_LOG IS SET TO OUTPUT ALL LOG MESSAGES !!!
20231108 053503.870 INFO             PET05 !!!     THIS MAY CAUSE SLOWDOWN IN PERFORMANCE     !!!
20231108 053503.870 INFO             PET05 !!! FOR PRODUCTION RUNS, USE:                      !!!
20231108 053503.870 INFO             PET05 !!!                   ESMF_LOGKIND_Multi_On_Error  !!!
20231108 053503.870 INFO             PET05 !!!!!!!!!!!!!!!!!!!!!!!!!!!!!!!!!!!!!!!!!!!!!!!!!!!!!!
20231108 053503.870 INFO             PET05 Running with ESMF Version   : 8.4.2
20231108 053503.871 INFO             PET05 ESMF library build date/time: "Jun 28 2023" "22:44:14"
20231108 053503.871 INFO             PET05 ESMF library build location : /home/conda/feedstock_root/build_artifacts/esmf_1687991243524/work
20231108 053503.871 INFO             PET05 ESMF_COMM                   : mpich
20231108 053503.942 INFO             PET05 ESMF_MOAB                   : enabled
20231108 053503.942 INFO             PET05 ESMF_LAPACK                 : enabled
20231108 053503.942 INFO             PET05 ESMF_NETCDF                 : enabled
20231108 053503.942 INFO             PET05 ESMF_PNETCDF                : disabled
20231108 053503.942 INFO             PET05 ESMF_PIO                    : enabled
20231108 053503.942 INFO             PET05 ESMF_YAMLCPP                : enabled
20231108 053609.697 INFO             PET05 Finalizing ESMF
20231108 061345.490 INFO             PET05 !!!!!!!!!!!!!!!!!!!!!!!!!!!!!!!!!!!!!!!!!!!!!!!!!!!!!!
20231108 061345.490 INFO             PET05 !!! THE ESMF_LOG IS SET TO OUTPUT ALL LOG MESSAGES !!!
20231108 061345.490 INFO             PET05 !!!     THIS MAY CAUSE SLOWDOWN IN PERFORMANCE     !!!
20231108 061345.490 INFO             PET05 !!! FOR PRODUCTION RUNS, USE:                      !!!
20231108 061345.490 INFO             PET05 !!!                   ESMF_LOGKIND_Multi_On_Error  !!!
20231108 061345.490 INFO             PET05 !!!!!!!!!!!!!!!!!!!!!!!!!!!!!!!!!!!!!!!!!!!!!!!!!!!!!!
20231108 061345.490 INFO             PET05 Running with ESMF Version   : 8.4.2
20231108 061345.490 INFO             PET05 ESMF library build date/time: "Jun 28 2023" "22:44:14"
20231108 061345.490 INFO             PET05 ESMF library build location : /home/conda/feedstock_root/build_artifacts/esmf_1687991243524/work
20231108 061345.490 INFO             PET05 ESMF_COMM                   : mpich
20231108 061345.531 INFO             PET05 ESMF_MOAB                   : enabled
20231108 061345.531 INFO             PET05 ESMF_LAPACK                 : enabled
20231108 061345.531 INFO             PET05 ESMF_NETCDF                 : enabled
20231108 061345.531 INFO             PET05 ESMF_PNETCDF                : disabled
20231108 061345.531 INFO             PET05 ESMF_PIO                    : enabled
20231108 061345.531 INFO             PET05 ESMF_YAMLCPP                : enabled
20231108 061412.876 INFO             PET05 Finalizing ESMF
20231108 062741.798 INFO             PET05 !!!!!!!!!!!!!!!!!!!!!!!!!!!!!!!!!!!!!!!!!!!!!!!!!!!!!!
20231108 062741.798 INFO             PET05 !!! THE ESMF_LOG IS SET TO OUTPUT ALL LOG MESSAGES !!!
20231108 062741.798 INFO             PET05 !!!     THIS MAY CAUSE SLOWDOWN IN PERFORMANCE     !!!
20231108 062741.798 INFO             PET05 !!! FOR PRODUCTION RUNS, USE:                      !!!
20231108 062741.798 INFO             PET05 !!!                   ESMF_LOGKIND_Multi_On_Error  !!!
20231108 062741.798 INFO             PET05 !!!!!!!!!!!!!!!!!!!!!!!!!!!!!!!!!!!!!!!!!!!!!!!!!!!!!!
20231108 062741.798 INFO             PET05 Running with ESMF Version   : 8.4.2
20231108 062741.799 INFO             PET05 ESMF library build date/time: "Jun 28 2023" "22:44:14"
20231108 062741.799 INFO             PET05 ESMF library build location : /home/conda/feedstock_root/build_artifacts/esmf_1687991243524/work
20231108 062741.799 INFO             PET05 ESMF_COMM                   : mpich
20231108 062741.822 INFO             PET05 ESMF_MOAB                   : enabled
20231108 062741.822 INFO             PET05 ESMF_LAPACK                 : enabled
20231108 062741.822 INFO             PET05 ESMF_NETCDF                 : enabled
20231108 062741.822 INFO             PET05 ESMF_PNETCDF                : disabled
20231108 062741.822 INFO             PET05 ESMF_PIO                    : enabled
20231108 062741.822 INFO             PET05 ESMF_YAMLCPP                : enabled
20231108 062808.212 INFO             PET05 Finalizing ESMF
20231108 064103.479 INFO             PET05 !!!!!!!!!!!!!!!!!!!!!!!!!!!!!!!!!!!!!!!!!!!!!!!!!!!!!!
20231108 064103.479 INFO             PET05 !!! THE ESMF_LOG IS SET TO OUTPUT ALL LOG MESSAGES !!!
20231108 064103.479 INFO             PET05 !!!     THIS MAY CAUSE SLOWDOWN IN PERFORMANCE     !!!
20231108 064103.479 INFO             PET05 !!! FOR PRODUCTION RUNS, USE:                      !!!
20231108 064103.479 INFO             PET05 !!!                   ESMF_LOGKIND_Multi_On_Error  !!!
20231108 064103.479 INFO             PET05 !!!!!!!!!!!!!!!!!!!!!!!!!!!!!!!!!!!!!!!!!!!!!!!!!!!!!!
20231108 064103.479 INFO             PET05 Running with ESMF Version   : 8.4.2
20231108 064103.480 INFO             PET05 ESMF library build date/time: "Jun 28 2023" "22:44:14"
20231108 064103.480 INFO             PET05 ESMF library build location : /home/conda/feedstock_root/build_artifacts/esmf_1687991243524/work
20231108 064103.480 INFO             PET05 ESMF_COMM                   : mpich
20231108 064103.516 INFO             PET05 ESMF_MOAB                   : enabled
20231108 064103.516 INFO             PET05 ESMF_LAPACK                 : enabled
20231108 064103.516 INFO             PET05 ESMF_NETCDF                 : enabled
20231108 064103.516 INFO             PET05 ESMF_PNETCDF                : disabled
20231108 064103.516 INFO             PET05 ESMF_PIO                    : enabled
20231108 064103.516 INFO             PET05 ESMF_YAMLCPP                : enabled
20231108 064320.207 INFO             PET05 Finalizing ESMF
20231108 081156.255 INFO             PET05 !!!!!!!!!!!!!!!!!!!!!!!!!!!!!!!!!!!!!!!!!!!!!!!!!!!!!!
20231108 081156.255 INFO             PET05 !!! THE ESMF_LOG IS SET TO OUTPUT ALL LOG MESSAGES !!!
20231108 081156.255 INFO             PET05 !!!     THIS MAY CAUSE SLOWDOWN IN PERFORMANCE     !!!
20231108 081156.255 INFO             PET05 !!! FOR PRODUCTION RUNS, USE:                      !!!
20231108 081156.255 INFO             PET05 !!!                   ESMF_LOGKIND_Multi_On_Error  !!!
20231108 081156.255 INFO             PET05 !!!!!!!!!!!!!!!!!!!!!!!!!!!!!!!!!!!!!!!!!!!!!!!!!!!!!!
20231108 081156.255 INFO             PET05 Running with ESMF Version   : 8.4.2
20231108 081156.256 INFO             PET05 ESMF library build date/time: "Jun 28 2023" "22:44:14"
20231108 081156.256 INFO             PET05 ESMF library build location : /home/conda/feedstock_root/build_artifacts/esmf_1687991243524/work
20231108 081156.256 INFO             PET05 ESMF_COMM                   : mpich
20231108 081156.305 INFO             PET05 ESMF_MOAB                   : enabled
20231108 081156.305 INFO             PET05 ESMF_LAPACK                 : enabled
20231108 081156.305 INFO             PET05 ESMF_NETCDF                 : enabled
20231108 081156.305 INFO             PET05 ESMF_PNETCDF                : disabled
20231108 081156.305 INFO             PET05 ESMF_PIO                    : enabled
20231108 081156.305 INFO             PET05 ESMF_YAMLCPP                : enabled
20231108 081415.746 INFO             PET05 Finalizing ESMF
20231108 090451.319 INFO             PET05 !!!!!!!!!!!!!!!!!!!!!!!!!!!!!!!!!!!!!!!!!!!!!!!!!!!!!!
20231108 090451.319 INFO             PET05 !!! THE ESMF_LOG IS SET TO OUTPUT ALL LOG MESSAGES !!!
20231108 090451.319 INFO             PET05 !!!     THIS MAY CAUSE SLOWDOWN IN PERFORMANCE     !!!
20231108 090451.319 INFO             PET05 !!! FOR PRODUCTION RUNS, USE:                      !!!
20231108 090451.319 INFO             PET05 !!!                   ESMF_LOGKIND_Multi_On_Error  !!!
20231108 090451.319 INFO             PET05 !!!!!!!!!!!!!!!!!!!!!!!!!!!!!!!!!!!!!!!!!!!!!!!!!!!!!!
20231108 090451.319 INFO             PET05 Running with ESMF Version   : 8.4.2
20231108 090451.321 INFO             PET05 ESMF library build date/time: "Jun 28 2023" "22:44:14"
20231108 090451.321 INFO             PET05 ESMF library build location : /home/conda/feedstock_root/build_artifacts/esmf_1687991243524/work
20231108 090451.321 INFO             PET05 ESMF_COMM                   : mpich
20231108 090451.327 INFO             PET05 ESMF_MOAB                   : enabled
20231108 090451.327 INFO             PET05 ESMF_LAPACK                 : enabled
20231108 090451.327 INFO             PET05 ESMF_NETCDF                 : enabled
20231108 090451.327 INFO             PET05 ESMF_PNETCDF                : disabled
20231108 090451.327 INFO             PET05 ESMF_PIO                    : enabled
20231108 090451.327 INFO             PET05 ESMF_YAMLCPP                : enabled
20231108 090504.546 INFO             PET05 Finalizing ESMF
20231108 090608.718 INFO             PET05 !!!!!!!!!!!!!!!!!!!!!!!!!!!!!!!!!!!!!!!!!!!!!!!!!!!!!!
20231108 090608.718 INFO             PET05 !!! THE ESMF_LOG IS SET TO OUTPUT ALL LOG MESSAGES !!!
20231108 090608.718 INFO             PET05 !!!     THIS MAY CAUSE SLOWDOWN IN PERFORMANCE     !!!
20231108 090608.718 INFO             PET05 !!! FOR PRODUCTION RUNS, USE:                      !!!
20231108 090608.718 INFO             PET05 !!!                   ESMF_LOGKIND_Multi_On_Error  !!!
20231108 090608.718 INFO             PET05 !!!!!!!!!!!!!!!!!!!!!!!!!!!!!!!!!!!!!!!!!!!!!!!!!!!!!!
20231108 090608.718 INFO             PET05 Running with ESMF Version   : 8.4.2
20231108 090608.719 INFO             PET05 ESMF library build date/time: "Jun 28 2023" "22:44:14"
20231108 090608.719 INFO             PET05 ESMF library build location : /home/conda/feedstock_root/build_artifacts/esmf_1687991243524/work
20231108 090608.719 INFO             PET05 ESMF_COMM                   : mpich
20231108 090608.725 INFO             PET05 ESMF_MOAB                   : enabled
20231108 090608.725 INFO             PET05 ESMF_LAPACK                 : enabled
20231108 090608.725 INFO             PET05 ESMF_NETCDF                 : enabled
20231108 090608.725 INFO             PET05 ESMF_PNETCDF                : disabled
20231108 090608.725 INFO             PET05 ESMF_PIO                    : enabled
20231108 090608.725 INFO             PET05 ESMF_YAMLCPP                : enabled
20231108 090623.050 INFO             PET05 Finalizing ESMF
20231108 090724.627 INFO             PET05 !!!!!!!!!!!!!!!!!!!!!!!!!!!!!!!!!!!!!!!!!!!!!!!!!!!!!!
20231108 090724.627 INFO             PET05 !!! THE ESMF_LOG IS SET TO OUTPUT ALL LOG MESSAGES !!!
20231108 090724.627 INFO             PET05 !!!     THIS MAY CAUSE SLOWDOWN IN PERFORMANCE     !!!
20231108 090724.627 INFO             PET05 !!! FOR PRODUCTION RUNS, USE:                      !!!
20231108 090724.627 INFO             PET05 !!!                   ESMF_LOGKIND_Multi_On_Error  !!!
20231108 090724.627 INFO             PET05 !!!!!!!!!!!!!!!!!!!!!!!!!!!!!!!!!!!!!!!!!!!!!!!!!!!!!!
20231108 090724.627 INFO             PET05 Running with ESMF Version   : 8.4.2
20231108 090724.629 INFO             PET05 ESMF library build date/time: "Jun 28 2023" "22:44:14"
20231108 090724.629 INFO             PET05 ESMF library build location : /home/conda/feedstock_root/build_artifacts/esmf_1687991243524/work
20231108 090724.629 INFO             PET05 ESMF_COMM                   : mpich
20231108 090724.634 INFO             PET05 ESMF_MOAB                   : enabled
20231108 090724.634 INFO             PET05 ESMF_LAPACK                 : enabled
20231108 090724.634 INFO             PET05 ESMF_NETCDF                 : enabled
20231108 090724.634 INFO             PET05 ESMF_PNETCDF                : disabled
20231108 090724.634 INFO             PET05 ESMF_PIO                    : enabled
20231108 090724.634 INFO             PET05 ESMF_YAMLCPP                : enabled
20231108 091645.165 INFO             PET05 Finalizing ESMF
20231108 115804.405 INFO             PET05 !!!!!!!!!!!!!!!!!!!!!!!!!!!!!!!!!!!!!!!!!!!!!!!!!!!!!!
20231108 115804.405 INFO             PET05 !!! THE ESMF_LOG IS SET TO OUTPUT ALL LOG MESSAGES !!!
20231108 115804.405 INFO             PET05 !!!     THIS MAY CAUSE SLOWDOWN IN PERFORMANCE     !!!
20231108 115804.405 INFO             PET05 !!! FOR PRODUCTION RUNS, USE:                      !!!
20231108 115804.405 INFO             PET05 !!!                   ESMF_LOGKIND_Multi_On_Error  !!!
20231108 115804.405 INFO             PET05 !!!!!!!!!!!!!!!!!!!!!!!!!!!!!!!!!!!!!!!!!!!!!!!!!!!!!!
20231108 115804.405 INFO             PET05 Running with ESMF Version   : 8.4.2
20231108 115804.406 INFO             PET05 ESMF library build date/time: "Jun 28 2023" "22:44:14"
20231108 115804.406 INFO             PET05 ESMF library build location : /home/conda/feedstock_root/build_artifacts/esmf_1687991243524/work
20231108 115804.406 INFO             PET05 ESMF_COMM                   : mpich
20231108 115804.431 INFO             PET05 ESMF_MOAB                   : enabled
20231108 115804.431 INFO             PET05 ESMF_LAPACK                 : enabled
20231108 115804.431 INFO             PET05 ESMF_NETCDF                 : enabled
20231108 115804.431 INFO             PET05 ESMF_PNETCDF                : disabled
20231108 115804.431 INFO             PET05 ESMF_PIO                    : enabled
20231108 115804.431 INFO             PET05 ESMF_YAMLCPP                : enabled
20231108 115821.180 INFO             PET05 Finalizing ESMF
