20231107 200205.102 INFO             PET02 !!!!!!!!!!!!!!!!!!!!!!!!!!!!!!!!!!!!!!!!!!!!!!!!!!!!!!
20231107 200205.102 INFO             PET02 !!! THE ESMF_LOG IS SET TO OUTPUT ALL LOG MESSAGES !!!
20231107 200205.102 INFO             PET02 !!!     THIS MAY CAUSE SLOWDOWN IN PERFORMANCE     !!!
20231107 200205.102 INFO             PET02 !!! FOR PRODUCTION RUNS, USE:                      !!!
20231107 200205.102 INFO             PET02 !!!                   ESMF_LOGKIND_Multi_On_Error  !!!
20231107 200205.102 INFO             PET02 !!!!!!!!!!!!!!!!!!!!!!!!!!!!!!!!!!!!!!!!!!!!!!!!!!!!!!
20231107 200205.102 INFO             PET02 Running with ESMF Version   : 8.4.2
20231107 200205.103 INFO             PET02 ESMF library build date/time: "Jun 28 2023" "22:44:14"
20231107 200205.103 INFO             PET02 ESMF library build location : /home/conda/feedstock_root/build_artifacts/esmf_1687991243524/work
20231107 200205.103 INFO             PET02 ESMF_COMM                   : mpich
20231107 200205.122 INFO             PET02 ESMF_MOAB                   : enabled
20231107 200205.122 INFO             PET02 ESMF_LAPACK                 : enabled
20231107 200205.122 INFO             PET02 ESMF_NETCDF                 : enabled
20231107 200205.122 INFO             PET02 ESMF_PNETCDF                : disabled
20231107 200205.122 INFO             PET02 ESMF_PIO                    : enabled
20231107 200205.122 INFO             PET02 ESMF_YAMLCPP                : enabled
20231107 200223.585 INFO             PET02 Finalizing ESMF
20231107 201003.771 INFO             PET02 !!!!!!!!!!!!!!!!!!!!!!!!!!!!!!!!!!!!!!!!!!!!!!!!!!!!!!
20231107 201003.771 INFO             PET02 !!! THE ESMF_LOG IS SET TO OUTPUT ALL LOG MESSAGES !!!
20231107 201003.771 INFO             PET02 !!!     THIS MAY CAUSE SLOWDOWN IN PERFORMANCE     !!!
20231107 201003.771 INFO             PET02 !!! FOR PRODUCTION RUNS, USE:                      !!!
20231107 201003.771 INFO             PET02 !!!                   ESMF_LOGKIND_Multi_On_Error  !!!
20231107 201003.771 INFO             PET02 !!!!!!!!!!!!!!!!!!!!!!!!!!!!!!!!!!!!!!!!!!!!!!!!!!!!!!
20231107 201003.771 INFO             PET02 Running with ESMF Version   : 8.4.2
20231107 201003.772 INFO             PET02 ESMF library build date/time: "Jun 28 2023" "22:44:14"
20231107 201003.772 INFO             PET02 ESMF library build location : /home/conda/feedstock_root/build_artifacts/esmf_1687991243524/work
20231107 201003.772 INFO             PET02 ESMF_COMM                   : mpich
20231107 201003.854 INFO             PET02 ESMF_MOAB                   : enabled
20231107 201003.854 INFO             PET02 ESMF_LAPACK                 : enabled
20231107 201003.854 INFO             PET02 ESMF_NETCDF                 : enabled
20231107 201003.854 INFO             PET02 ESMF_PNETCDF                : disabled
20231107 201003.854 INFO             PET02 ESMF_PIO                    : enabled
20231107 201003.854 INFO             PET02 ESMF_YAMLCPP                : enabled
20231107 201025.263 INFO             PET02 Finalizing ESMF
20231107 202203.559 INFO             PET02 !!!!!!!!!!!!!!!!!!!!!!!!!!!!!!!!!!!!!!!!!!!!!!!!!!!!!!
20231107 202203.559 INFO             PET02 !!! THE ESMF_LOG IS SET TO OUTPUT ALL LOG MESSAGES !!!
20231107 202203.559 INFO             PET02 !!!     THIS MAY CAUSE SLOWDOWN IN PERFORMANCE     !!!
20231107 202203.559 INFO             PET02 !!! FOR PRODUCTION RUNS, USE:                      !!!
20231107 202203.559 INFO             PET02 !!!                   ESMF_LOGKIND_Multi_On_Error  !!!
20231107 202203.559 INFO             PET02 !!!!!!!!!!!!!!!!!!!!!!!!!!!!!!!!!!!!!!!!!!!!!!!!!!!!!!
20231107 202203.559 INFO             PET02 Running with ESMF Version   : 8.4.2
20231107 202203.559 INFO             PET02 ESMF library build date/time: "Jun 28 2023" "22:44:14"
20231107 202203.559 INFO             PET02 ESMF library build location : /home/conda/feedstock_root/build_artifacts/esmf_1687991243524/work
20231107 202203.559 INFO             PET02 ESMF_COMM                   : mpich
20231107 202203.565 INFO             PET02 ESMF_MOAB                   : enabled
20231107 202203.565 INFO             PET02 ESMF_LAPACK                 : enabled
20231107 202203.565 INFO             PET02 ESMF_NETCDF                 : enabled
20231107 202203.565 INFO             PET02 ESMF_PNETCDF                : disabled
20231107 202203.565 INFO             PET02 ESMF_PIO                    : enabled
20231107 202203.565 INFO             PET02 ESMF_YAMLCPP                : enabled
20231107 202444.222 INFO             PET02 Finalizing ESMF
20231107 231010.070 INFO             PET02 !!!!!!!!!!!!!!!!!!!!!!!!!!!!!!!!!!!!!!!!!!!!!!!!!!!!!!
20231107 231010.070 INFO             PET02 !!! THE ESMF_LOG IS SET TO OUTPUT ALL LOG MESSAGES !!!
20231107 231010.070 INFO             PET02 !!!     THIS MAY CAUSE SLOWDOWN IN PERFORMANCE     !!!
20231107 231010.070 INFO             PET02 !!! FOR PRODUCTION RUNS, USE:                      !!!
20231107 231010.070 INFO             PET02 !!!                   ESMF_LOGKIND_Multi_On_Error  !!!
20231107 231010.070 INFO             PET02 !!!!!!!!!!!!!!!!!!!!!!!!!!!!!!!!!!!!!!!!!!!!!!!!!!!!!!
20231107 231010.070 INFO             PET02 Running with ESMF Version   : 8.4.2
20231107 231010.070 INFO             PET02 ESMF library build date/time: "Jun 28 2023" "22:44:14"
20231107 231010.070 INFO             PET02 ESMF library build location : /home/conda/feedstock_root/build_artifacts/esmf_1687991243524/work
20231107 231010.070 INFO             PET02 ESMF_COMM                   : mpich
20231107 231010.109 INFO             PET02 ESMF_MOAB                   : enabled
20231107 231010.109 INFO             PET02 ESMF_LAPACK                 : enabled
20231107 231010.109 INFO             PET02 ESMF_NETCDF                 : enabled
20231107 231010.109 INFO             PET02 ESMF_PNETCDF                : disabled
20231107 231010.109 INFO             PET02 ESMF_PIO                    : enabled
20231107 231010.109 INFO             PET02 ESMF_YAMLCPP                : enabled
20231107 231228.636 INFO             PET02 Finalizing ESMF
20231108 024438.617 INFO             PET02 !!!!!!!!!!!!!!!!!!!!!!!!!!!!!!!!!!!!!!!!!!!!!!!!!!!!!!
20231108 024438.617 INFO             PET02 !!! THE ESMF_LOG IS SET TO OUTPUT ALL LOG MESSAGES !!!
20231108 024438.617 INFO             PET02 !!!     THIS MAY CAUSE SLOWDOWN IN PERFORMANCE     !!!
20231108 024438.617 INFO             PET02 !!! FOR PRODUCTION RUNS, USE:                      !!!
20231108 024438.617 INFO             PET02 !!!                   ESMF_LOGKIND_Multi_On_Error  !!!
20231108 024438.617 INFO             PET02 !!!!!!!!!!!!!!!!!!!!!!!!!!!!!!!!!!!!!!!!!!!!!!!!!!!!!!
20231108 024438.617 INFO             PET02 Running with ESMF Version   : 8.4.2
20231108 024438.617 INFO             PET02 ESMF library build date/time: "Jun 28 2023" "22:44:14"
20231108 024438.617 INFO             PET02 ESMF library build location : /home/conda/feedstock_root/build_artifacts/esmf_1687991243524/work
20231108 024438.617 INFO             PET02 ESMF_COMM                   : mpich
20231108 024438.840 INFO             PET02 ESMF_MOAB                   : enabled
20231108 024438.840 INFO             PET02 ESMF_LAPACK                 : enabled
20231108 024438.840 INFO             PET02 ESMF_NETCDF                 : enabled
20231108 024438.840 INFO             PET02 ESMF_PNETCDF                : disabled
20231108 024438.840 INFO             PET02 ESMF_PIO                    : enabled
20231108 024438.840 INFO             PET02 ESMF_YAMLCPP                : enabled
20231108 024514.716 INFO             PET02 Finalizing ESMF
20231108 030727.854 INFO             PET02 !!!!!!!!!!!!!!!!!!!!!!!!!!!!!!!!!!!!!!!!!!!!!!!!!!!!!!
20231108 030727.854 INFO             PET02 !!! THE ESMF_LOG IS SET TO OUTPUT ALL LOG MESSAGES !!!
20231108 030727.854 INFO             PET02 !!!     THIS MAY CAUSE SLOWDOWN IN PERFORMANCE     !!!
20231108 030727.854 INFO             PET02 !!! FOR PRODUCTION RUNS, USE:                      !!!
20231108 030727.854 INFO             PET02 !!!                   ESMF_LOGKIND_Multi_On_Error  !!!
20231108 030727.854 INFO             PET02 !!!!!!!!!!!!!!!!!!!!!!!!!!!!!!!!!!!!!!!!!!!!!!!!!!!!!!
20231108 030727.854 INFO             PET02 Running with ESMF Version   : 8.4.2
20231108 030727.854 INFO             PET02 ESMF library build date/time: "Jun 28 2023" "22:44:14"
20231108 030727.854 INFO             PET02 ESMF library build location : /home/conda/feedstock_root/build_artifacts/esmf_1687991243524/work
20231108 030727.854 INFO             PET02 ESMF_COMM                   : mpich
20231108 030727.893 INFO             PET02 ESMF_MOAB                   : enabled
20231108 030727.893 INFO             PET02 ESMF_LAPACK                 : enabled
20231108 030727.893 INFO             PET02 ESMF_NETCDF                 : enabled
20231108 030727.893 INFO             PET02 ESMF_PNETCDF                : disabled
20231108 030727.893 INFO             PET02 ESMF_PIO                    : enabled
20231108 030727.893 INFO             PET02 ESMF_YAMLCPP                : enabled
20231108 030840.574 INFO             PET02 Finalizing ESMF
20231108 034858.029 INFO             PET02 !!!!!!!!!!!!!!!!!!!!!!!!!!!!!!!!!!!!!!!!!!!!!!!!!!!!!!
20231108 034858.029 INFO             PET02 !!! THE ESMF_LOG IS SET TO OUTPUT ALL LOG MESSAGES !!!
20231108 034858.029 INFO             PET02 !!!     THIS MAY CAUSE SLOWDOWN IN PERFORMANCE     !!!
20231108 034858.029 INFO             PET02 !!! FOR PRODUCTION RUNS, USE:                      !!!
20231108 034858.029 INFO             PET02 !!!                   ESMF_LOGKIND_Multi_On_Error  !!!
20231108 034858.029 INFO             PET02 !!!!!!!!!!!!!!!!!!!!!!!!!!!!!!!!!!!!!!!!!!!!!!!!!!!!!!
20231108 034858.029 INFO             PET02 Running with ESMF Version   : 8.4.2
20231108 034858.030 INFO             PET02 ESMF library build date/time: "Jun 28 2023" "22:44:14"
20231108 034858.030 INFO             PET02 ESMF library build location : /home/conda/feedstock_root/build_artifacts/esmf_1687991243524/work
20231108 034858.030 INFO             PET02 ESMF_COMM                   : mpich
20231108 034858.085 INFO             PET02 ESMF_MOAB                   : enabled
20231108 034858.085 INFO             PET02 ESMF_LAPACK                 : enabled
20231108 034858.085 INFO             PET02 ESMF_NETCDF                 : enabled
20231108 034858.085 INFO             PET02 ESMF_PNETCDF                : disabled
20231108 034858.085 INFO             PET02 ESMF_PIO                    : enabled
20231108 034858.085 INFO             PET02 ESMF_YAMLCPP                : enabled
20231108 035005.609 INFO             PET02 Finalizing ESMF
20231108 053503.870 INFO             PET02 !!!!!!!!!!!!!!!!!!!!!!!!!!!!!!!!!!!!!!!!!!!!!!!!!!!!!!
20231108 053503.870 INFO             PET02 !!! THE ESMF_LOG IS SET TO OUTPUT ALL LOG MESSAGES !!!
20231108 053503.870 INFO             PET02 !!!     THIS MAY CAUSE SLOWDOWN IN PERFORMANCE     !!!
20231108 053503.870 INFO             PET02 !!! FOR PRODUCTION RUNS, USE:                      !!!
20231108 053503.870 INFO             PET02 !!!                   ESMF_LOGKIND_Multi_On_Error  !!!
20231108 053503.870 INFO             PET02 !!!!!!!!!!!!!!!!!!!!!!!!!!!!!!!!!!!!!!!!!!!!!!!!!!!!!!
20231108 053503.870 INFO             PET02 Running with ESMF Version   : 8.4.2
20231108 053503.870 INFO             PET02 ESMF library build date/time: "Jun 28 2023" "22:44:14"
20231108 053503.870 INFO             PET02 ESMF library build location : /home/conda/feedstock_root/build_artifacts/esmf_1687991243524/work
20231108 053503.870 INFO             PET02 ESMF_COMM                   : mpich
20231108 053503.951 INFO             PET02 ESMF_MOAB                   : enabled
20231108 053503.951 INFO             PET02 ESMF_LAPACK                 : enabled
20231108 053503.951 INFO             PET02 ESMF_NETCDF                 : enabled
20231108 053503.951 INFO             PET02 ESMF_PNETCDF                : disabled
20231108 053503.951 INFO             PET02 ESMF_PIO                    : enabled
20231108 053503.951 INFO             PET02 ESMF_YAMLCPP                : enabled
20231108 053609.696 INFO             PET02 Finalizing ESMF
20231108 061345.494 INFO             PET02 !!!!!!!!!!!!!!!!!!!!!!!!!!!!!!!!!!!!!!!!!!!!!!!!!!!!!!
20231108 061345.494 INFO             PET02 !!! THE ESMF_LOG IS SET TO OUTPUT ALL LOG MESSAGES !!!
20231108 061345.494 INFO             PET02 !!!     THIS MAY CAUSE SLOWDOWN IN PERFORMANCE     !!!
20231108 061345.494 INFO             PET02 !!! FOR PRODUCTION RUNS, USE:                      !!!
20231108 061345.494 INFO             PET02 !!!                   ESMF_LOGKIND_Multi_On_Error  !!!
20231108 061345.494 INFO             PET02 !!!!!!!!!!!!!!!!!!!!!!!!!!!!!!!!!!!!!!!!!!!!!!!!!!!!!!
20231108 061345.494 INFO             PET02 Running with ESMF Version   : 8.4.2
20231108 061345.495 INFO             PET02 ESMF library build date/time: "Jun 28 2023" "22:44:14"
20231108 061345.495 INFO             PET02 ESMF library build location : /home/conda/feedstock_root/build_artifacts/esmf_1687991243524/work
20231108 061345.495 INFO             PET02 ESMF_COMM                   : mpich
20231108 061345.542 INFO             PET02 ESMF_MOAB                   : enabled
20231108 061345.542 INFO             PET02 ESMF_LAPACK                 : enabled
20231108 061345.542 INFO             PET02 ESMF_NETCDF                 : enabled
20231108 061345.542 INFO             PET02 ESMF_PNETCDF                : disabled
20231108 061345.542 INFO             PET02 ESMF_PIO                    : enabled
20231108 061345.542 INFO             PET02 ESMF_YAMLCPP                : enabled
20231108 061412.874 INFO             PET02 Finalizing ESMF
20231108 062741.800 INFO             PET02 !!!!!!!!!!!!!!!!!!!!!!!!!!!!!!!!!!!!!!!!!!!!!!!!!!!!!!
20231108 062741.800 INFO             PET02 !!! THE ESMF_LOG IS SET TO OUTPUT ALL LOG MESSAGES !!!
20231108 062741.800 INFO             PET02 !!!     THIS MAY CAUSE SLOWDOWN IN PERFORMANCE     !!!
20231108 062741.800 INFO             PET02 !!! FOR PRODUCTION RUNS, USE:                      !!!
20231108 062741.800 INFO             PET02 !!!                   ESMF_LOGKIND_Multi_On_Error  !!!
20231108 062741.800 INFO             PET02 !!!!!!!!!!!!!!!!!!!!!!!!!!!!!!!!!!!!!!!!!!!!!!!!!!!!!!
20231108 062741.800 INFO             PET02 Running with ESMF Version   : 8.4.2
20231108 062741.800 INFO             PET02 ESMF library build date/time: "Jun 28 2023" "22:44:14"
20231108 062741.800 INFO             PET02 ESMF library build location : /home/conda/feedstock_root/build_artifacts/esmf_1687991243524/work
20231108 062741.800 INFO             PET02 ESMF_COMM                   : mpich
20231108 062741.858 INFO             PET02 ESMF_MOAB                   : enabled
20231108 062741.858 INFO             PET02 ESMF_LAPACK                 : enabled
20231108 062741.858 INFO             PET02 ESMF_NETCDF                 : enabled
20231108 062741.858 INFO             PET02 ESMF_PNETCDF                : disabled
20231108 062741.858 INFO             PET02 ESMF_PIO                    : enabled
20231108 062741.858 INFO             PET02 ESMF_YAMLCPP                : enabled
20231108 062808.210 INFO             PET02 Finalizing ESMF
20231108 064103.483 INFO             PET02 !!!!!!!!!!!!!!!!!!!!!!!!!!!!!!!!!!!!!!!!!!!!!!!!!!!!!!
20231108 064103.483 INFO             PET02 !!! THE ESMF_LOG IS SET TO OUTPUT ALL LOG MESSAGES !!!
20231108 064103.483 INFO             PET02 !!!     THIS MAY CAUSE SLOWDOWN IN PERFORMANCE     !!!
20231108 064103.483 INFO             PET02 !!! FOR PRODUCTION RUNS, USE:                      !!!
20231108 064103.483 INFO             PET02 !!!                   ESMF_LOGKIND_Multi_On_Error  !!!
20231108 064103.483 INFO             PET02 !!!!!!!!!!!!!!!!!!!!!!!!!!!!!!!!!!!!!!!!!!!!!!!!!!!!!!
20231108 064103.483 INFO             PET02 Running with ESMF Version   : 8.4.2
20231108 064103.483 INFO             PET02 ESMF library build date/time: "Jun 28 2023" "22:44:14"
20231108 064103.483 INFO             PET02 ESMF library build location : /home/conda/feedstock_root/build_artifacts/esmf_1687991243524/work
20231108 064103.483 INFO             PET02 ESMF_COMM                   : mpich
20231108 064103.523 INFO             PET02 ESMF_MOAB                   : enabled
20231108 064103.523 INFO             PET02 ESMF_LAPACK                 : enabled
20231108 064103.523 INFO             PET02 ESMF_NETCDF                 : enabled
20231108 064103.523 INFO             PET02 ESMF_PNETCDF                : disabled
20231108 064103.523 INFO             PET02 ESMF_PIO                    : enabled
20231108 064103.523 INFO             PET02 ESMF_YAMLCPP                : enabled
20231108 064320.205 INFO             PET02 Finalizing ESMF
20231108 081156.257 INFO             PET02 !!!!!!!!!!!!!!!!!!!!!!!!!!!!!!!!!!!!!!!!!!!!!!!!!!!!!!
20231108 081156.257 INFO             PET02 !!! THE ESMF_LOG IS SET TO OUTPUT ALL LOG MESSAGES !!!
20231108 081156.257 INFO             PET02 !!!     THIS MAY CAUSE SLOWDOWN IN PERFORMANCE     !!!
20231108 081156.257 INFO             PET02 !!! FOR PRODUCTION RUNS, USE:                      !!!
20231108 081156.257 INFO             PET02 !!!                   ESMF_LOGKIND_Multi_On_Error  !!!
20231108 081156.257 INFO             PET02 !!!!!!!!!!!!!!!!!!!!!!!!!!!!!!!!!!!!!!!!!!!!!!!!!!!!!!
20231108 081156.257 INFO             PET02 Running with ESMF Version   : 8.4.2
20231108 081156.258 INFO             PET02 ESMF library build date/time: "Jun 28 2023" "22:44:14"
20231108 081156.258 INFO             PET02 ESMF library build location : /home/conda/feedstock_root/build_artifacts/esmf_1687991243524/work
20231108 081156.258 INFO             PET02 ESMF_COMM                   : mpich
20231108 081156.305 INFO             PET02 ESMF_MOAB                   : enabled
20231108 081156.305 INFO             PET02 ESMF_LAPACK                 : enabled
20231108 081156.305 INFO             PET02 ESMF_NETCDF                 : enabled
20231108 081156.305 INFO             PET02 ESMF_PNETCDF                : disabled
20231108 081156.305 INFO             PET02 ESMF_PIO                    : enabled
20231108 081156.305 INFO             PET02 ESMF_YAMLCPP                : enabled
20231108 081415.747 INFO             PET02 Finalizing ESMF
20231108 090451.320 INFO             PET02 !!!!!!!!!!!!!!!!!!!!!!!!!!!!!!!!!!!!!!!!!!!!!!!!!!!!!!
20231108 090451.320 INFO             PET02 !!! THE ESMF_LOG IS SET TO OUTPUT ALL LOG MESSAGES !!!
20231108 090451.320 INFO             PET02 !!!     THIS MAY CAUSE SLOWDOWN IN PERFORMANCE     !!!
20231108 090451.320 INFO             PET02 !!! FOR PRODUCTION RUNS, USE:                      !!!
20231108 090451.320 INFO             PET02 !!!                   ESMF_LOGKIND_Multi_On_Error  !!!
20231108 090451.320 INFO             PET02 !!!!!!!!!!!!!!!!!!!!!!!!!!!!!!!!!!!!!!!!!!!!!!!!!!!!!!
20231108 090451.320 INFO             PET02 Running with ESMF Version   : 8.4.2
20231108 090451.322 INFO             PET02 ESMF library build date/time: "Jun 28 2023" "22:44:14"
20231108 090451.322 INFO             PET02 ESMF library build location : /home/conda/feedstock_root/build_artifacts/esmf_1687991243524/work
20231108 090451.322 INFO             PET02 ESMF_COMM                   : mpich
20231108 090451.328 INFO             PET02 ESMF_MOAB                   : enabled
20231108 090451.328 INFO             PET02 ESMF_LAPACK                 : enabled
20231108 090451.328 INFO             PET02 ESMF_NETCDF                 : enabled
20231108 090451.328 INFO             PET02 ESMF_PNETCDF                : disabled
20231108 090451.328 INFO             PET02 ESMF_PIO                    : enabled
20231108 090451.328 INFO             PET02 ESMF_YAMLCPP                : enabled
20231108 090504.545 INFO             PET02 Finalizing ESMF
20231108 090608.718 INFO             PET02 !!!!!!!!!!!!!!!!!!!!!!!!!!!!!!!!!!!!!!!!!!!!!!!!!!!!!!
20231108 090608.718 INFO             PET02 !!! THE ESMF_LOG IS SET TO OUTPUT ALL LOG MESSAGES !!!
20231108 090608.718 INFO             PET02 !!!     THIS MAY CAUSE SLOWDOWN IN PERFORMANCE     !!!
20231108 090608.718 INFO             PET02 !!! FOR PRODUCTION RUNS, USE:                      !!!
20231108 090608.718 INFO             PET02 !!!                   ESMF_LOGKIND_Multi_On_Error  !!!
20231108 090608.718 INFO             PET02 !!!!!!!!!!!!!!!!!!!!!!!!!!!!!!!!!!!!!!!!!!!!!!!!!!!!!!
20231108 090608.718 INFO             PET02 Running with ESMF Version   : 8.4.2
20231108 090608.720 INFO             PET02 ESMF library build date/time: "Jun 28 2023" "22:44:14"
20231108 090608.720 INFO             PET02 ESMF library build location : /home/conda/feedstock_root/build_artifacts/esmf_1687991243524/work
20231108 090608.720 INFO             PET02 ESMF_COMM                   : mpich
20231108 090608.725 INFO             PET02 ESMF_MOAB                   : enabled
20231108 090608.725 INFO             PET02 ESMF_LAPACK                 : enabled
20231108 090608.725 INFO             PET02 ESMF_NETCDF                 : enabled
20231108 090608.725 INFO             PET02 ESMF_PNETCDF                : disabled
20231108 090608.725 INFO             PET02 ESMF_PIO                    : enabled
20231108 090608.725 INFO             PET02 ESMF_YAMLCPP                : enabled
20231108 090623.050 INFO             PET02 Finalizing ESMF
20231108 090724.627 INFO             PET02 !!!!!!!!!!!!!!!!!!!!!!!!!!!!!!!!!!!!!!!!!!!!!!!!!!!!!!
20231108 090724.627 INFO             PET02 !!! THE ESMF_LOG IS SET TO OUTPUT ALL LOG MESSAGES !!!
20231108 090724.627 INFO             PET02 !!!     THIS MAY CAUSE SLOWDOWN IN PERFORMANCE     !!!
20231108 090724.627 INFO             PET02 !!! FOR PRODUCTION RUNS, USE:                      !!!
20231108 090724.627 INFO             PET02 !!!                   ESMF_LOGKIND_Multi_On_Error  !!!
20231108 090724.627 INFO             PET02 !!!!!!!!!!!!!!!!!!!!!!!!!!!!!!!!!!!!!!!!!!!!!!!!!!!!!!
20231108 090724.627 INFO             PET02 Running with ESMF Version   : 8.4.2
20231108 090724.629 INFO             PET02 ESMF library build date/time: "Jun 28 2023" "22:44:14"
20231108 090724.629 INFO             PET02 ESMF library build location : /home/conda/feedstock_root/build_artifacts/esmf_1687991243524/work
20231108 090724.629 INFO             PET02 ESMF_COMM                   : mpich
20231108 090724.634 INFO             PET02 ESMF_MOAB                   : enabled
20231108 090724.634 INFO             PET02 ESMF_LAPACK                 : enabled
20231108 090724.634 INFO             PET02 ESMF_NETCDF                 : enabled
20231108 090724.634 INFO             PET02 ESMF_PNETCDF                : disabled
20231108 090724.634 INFO             PET02 ESMF_PIO                    : enabled
20231108 090724.634 INFO             PET02 ESMF_YAMLCPP                : enabled
20231108 091645.149 INFO             PET02 Finalizing ESMF
20231108 115804.398 INFO             PET02 !!!!!!!!!!!!!!!!!!!!!!!!!!!!!!!!!!!!!!!!!!!!!!!!!!!!!!
20231108 115804.398 INFO             PET02 !!! THE ESMF_LOG IS SET TO OUTPUT ALL LOG MESSAGES !!!
20231108 115804.398 INFO             PET02 !!!     THIS MAY CAUSE SLOWDOWN IN PERFORMANCE     !!!
20231108 115804.398 INFO             PET02 !!! FOR PRODUCTION RUNS, USE:                      !!!
20231108 115804.398 INFO             PET02 !!!                   ESMF_LOGKIND_Multi_On_Error  !!!
20231108 115804.398 INFO             PET02 !!!!!!!!!!!!!!!!!!!!!!!!!!!!!!!!!!!!!!!!!!!!!!!!!!!!!!
20231108 115804.398 INFO             PET02 Running with ESMF Version   : 8.4.2
20231108 115804.399 INFO             PET02 ESMF library build date/time: "Jun 28 2023" "22:44:14"
20231108 115804.399 INFO             PET02 ESMF library build location : /home/conda/feedstock_root/build_artifacts/esmf_1687991243524/work
20231108 115804.399 INFO             PET02 ESMF_COMM                   : mpich
20231108 115804.420 INFO             PET02 ESMF_MOAB                   : enabled
20231108 115804.420 INFO             PET02 ESMF_LAPACK                 : enabled
20231108 115804.420 INFO             PET02 ESMF_NETCDF                 : enabled
20231108 115804.420 INFO             PET02 ESMF_PNETCDF                : disabled
20231108 115804.420 INFO             PET02 ESMF_PIO                    : enabled
20231108 115804.420 INFO             PET02 ESMF_YAMLCPP                : enabled
20231108 115821.181 INFO             PET02 Finalizing ESMF
