20231107 200205.102 INFO             PET06 !!!!!!!!!!!!!!!!!!!!!!!!!!!!!!!!!!!!!!!!!!!!!!!!!!!!!!
20231107 200205.102 INFO             PET06 !!! THE ESMF_LOG IS SET TO OUTPUT ALL LOG MESSAGES !!!
20231107 200205.102 INFO             PET06 !!!     THIS MAY CAUSE SLOWDOWN IN PERFORMANCE     !!!
20231107 200205.102 INFO             PET06 !!! FOR PRODUCTION RUNS, USE:                      !!!
20231107 200205.102 INFO             PET06 !!!                   ESMF_LOGKIND_Multi_On_Error  !!!
20231107 200205.102 INFO             PET06 !!!!!!!!!!!!!!!!!!!!!!!!!!!!!!!!!!!!!!!!!!!!!!!!!!!!!!
20231107 200205.102 INFO             PET06 Running with ESMF Version   : 8.4.2
20231107 200205.103 INFO             PET06 ESMF library build date/time: "Jun 28 2023" "22:44:14"
20231107 200205.103 INFO             PET06 ESMF library build location : /home/conda/feedstock_root/build_artifacts/esmf_1687991243524/work
20231107 200205.103 INFO             PET06 ESMF_COMM                   : mpich
20231107 200205.127 INFO             PET06 ESMF_MOAB                   : enabled
20231107 200205.127 INFO             PET06 ESMF_LAPACK                 : enabled
20231107 200205.127 INFO             PET06 ESMF_NETCDF                 : enabled
20231107 200205.127 INFO             PET06 ESMF_PNETCDF                : disabled
20231107 200205.127 INFO             PET06 ESMF_PIO                    : enabled
20231107 200205.127 INFO             PET06 ESMF_YAMLCPP                : enabled
20231107 200223.585 INFO             PET06 Finalizing ESMF
20231107 201003.783 INFO             PET06 !!!!!!!!!!!!!!!!!!!!!!!!!!!!!!!!!!!!!!!!!!!!!!!!!!!!!!
20231107 201003.783 INFO             PET06 !!! THE ESMF_LOG IS SET TO OUTPUT ALL LOG MESSAGES !!!
20231107 201003.783 INFO             PET06 !!!     THIS MAY CAUSE SLOWDOWN IN PERFORMANCE     !!!
20231107 201003.783 INFO             PET06 !!! FOR PRODUCTION RUNS, USE:                      !!!
20231107 201003.783 INFO             PET06 !!!                   ESMF_LOGKIND_Multi_On_Error  !!!
20231107 201003.783 INFO             PET06 !!!!!!!!!!!!!!!!!!!!!!!!!!!!!!!!!!!!!!!!!!!!!!!!!!!!!!
20231107 201003.783 INFO             PET06 Running with ESMF Version   : 8.4.2
20231107 201003.783 INFO             PET06 ESMF library build date/time: "Jun 28 2023" "22:44:14"
20231107 201003.783 INFO             PET06 ESMF library build location : /home/conda/feedstock_root/build_artifacts/esmf_1687991243524/work
20231107 201003.783 INFO             PET06 ESMF_COMM                   : mpich
20231107 201003.862 INFO             PET06 ESMF_MOAB                   : enabled
20231107 201003.862 INFO             PET06 ESMF_LAPACK                 : enabled
20231107 201003.862 INFO             PET06 ESMF_NETCDF                 : enabled
20231107 201003.862 INFO             PET06 ESMF_PNETCDF                : disabled
20231107 201003.862 INFO             PET06 ESMF_PIO                    : enabled
20231107 201003.862 INFO             PET06 ESMF_YAMLCPP                : enabled
20231107 201025.263 INFO             PET06 Finalizing ESMF
20231107 202203.561 INFO             PET06 !!!!!!!!!!!!!!!!!!!!!!!!!!!!!!!!!!!!!!!!!!!!!!!!!!!!!!
20231107 202203.561 INFO             PET06 !!! THE ESMF_LOG IS SET TO OUTPUT ALL LOG MESSAGES !!!
20231107 202203.561 INFO             PET06 !!!     THIS MAY CAUSE SLOWDOWN IN PERFORMANCE     !!!
20231107 202203.561 INFO             PET06 !!! FOR PRODUCTION RUNS, USE:                      !!!
20231107 202203.561 INFO             PET06 !!!                   ESMF_LOGKIND_Multi_On_Error  !!!
20231107 202203.561 INFO             PET06 !!!!!!!!!!!!!!!!!!!!!!!!!!!!!!!!!!!!!!!!!!!!!!!!!!!!!!
20231107 202203.561 INFO             PET06 Running with ESMF Version   : 8.4.2
20231107 202203.561 INFO             PET06 ESMF library build date/time: "Jun 28 2023" "22:44:14"
20231107 202203.561 INFO             PET06 ESMF library build location : /home/conda/feedstock_root/build_artifacts/esmf_1687991243524/work
20231107 202203.561 INFO             PET06 ESMF_COMM                   : mpich
20231107 202203.569 INFO             PET06 ESMF_MOAB                   : enabled
20231107 202203.569 INFO             PET06 ESMF_LAPACK                 : enabled
20231107 202203.569 INFO             PET06 ESMF_NETCDF                 : enabled
20231107 202203.569 INFO             PET06 ESMF_PNETCDF                : disabled
20231107 202203.569 INFO             PET06 ESMF_PIO                    : enabled
20231107 202203.569 INFO             PET06 ESMF_YAMLCPP                : enabled
20231107 202444.222 INFO             PET06 Finalizing ESMF
20231107 231010.064 INFO             PET06 !!!!!!!!!!!!!!!!!!!!!!!!!!!!!!!!!!!!!!!!!!!!!!!!!!!!!!
20231107 231010.064 INFO             PET06 !!! THE ESMF_LOG IS SET TO OUTPUT ALL LOG MESSAGES !!!
20231107 231010.064 INFO             PET06 !!!     THIS MAY CAUSE SLOWDOWN IN PERFORMANCE     !!!
20231107 231010.064 INFO             PET06 !!! FOR PRODUCTION RUNS, USE:                      !!!
20231107 231010.064 INFO             PET06 !!!                   ESMF_LOGKIND_Multi_On_Error  !!!
20231107 231010.064 INFO             PET06 !!!!!!!!!!!!!!!!!!!!!!!!!!!!!!!!!!!!!!!!!!!!!!!!!!!!!!
20231107 231010.064 INFO             PET06 Running with ESMF Version   : 8.4.2
20231107 231010.065 INFO             PET06 ESMF library build date/time: "Jun 28 2023" "22:44:14"
20231107 231010.065 INFO             PET06 ESMF library build location : /home/conda/feedstock_root/build_artifacts/esmf_1687991243524/work
20231107 231010.065 INFO             PET06 ESMF_COMM                   : mpich
20231107 231010.081 INFO             PET06 ESMF_MOAB                   : enabled
20231107 231010.081 INFO             PET06 ESMF_LAPACK                 : enabled
20231107 231010.081 INFO             PET06 ESMF_NETCDF                 : enabled
20231107 231010.081 INFO             PET06 ESMF_PNETCDF                : disabled
20231107 231010.081 INFO             PET06 ESMF_PIO                    : enabled
20231107 231010.081 INFO             PET06 ESMF_YAMLCPP                : enabled
20231107 231228.635 INFO             PET06 Finalizing ESMF
20231108 024438.594 INFO             PET06 !!!!!!!!!!!!!!!!!!!!!!!!!!!!!!!!!!!!!!!!!!!!!!!!!!!!!!
20231108 024438.594 INFO             PET06 !!! THE ESMF_LOG IS SET TO OUTPUT ALL LOG MESSAGES !!!
20231108 024438.594 INFO             PET06 !!!     THIS MAY CAUSE SLOWDOWN IN PERFORMANCE     !!!
20231108 024438.594 INFO             PET06 !!! FOR PRODUCTION RUNS, USE:                      !!!
20231108 024438.594 INFO             PET06 !!!                   ESMF_LOGKIND_Multi_On_Error  !!!
20231108 024438.594 INFO             PET06 !!!!!!!!!!!!!!!!!!!!!!!!!!!!!!!!!!!!!!!!!!!!!!!!!!!!!!
20231108 024438.594 INFO             PET06 Running with ESMF Version   : 8.4.2
20231108 024438.595 INFO             PET06 ESMF library build date/time: "Jun 28 2023" "22:44:14"
20231108 024438.595 INFO             PET06 ESMF library build location : /home/conda/feedstock_root/build_artifacts/esmf_1687991243524/work
20231108 024438.595 INFO             PET06 ESMF_COMM                   : mpich
20231108 024438.687 INFO             PET06 ESMF_MOAB                   : enabled
20231108 024438.687 INFO             PET06 ESMF_LAPACK                 : enabled
20231108 024438.687 INFO             PET06 ESMF_NETCDF                 : enabled
20231108 024438.687 INFO             PET06 ESMF_PNETCDF                : disabled
20231108 024438.687 INFO             PET06 ESMF_PIO                    : enabled
20231108 024438.687 INFO             PET06 ESMF_YAMLCPP                : enabled
20231108 024514.715 INFO             PET06 Finalizing ESMF
20231108 030727.844 INFO             PET06 !!!!!!!!!!!!!!!!!!!!!!!!!!!!!!!!!!!!!!!!!!!!!!!!!!!!!!
20231108 030727.844 INFO             PET06 !!! THE ESMF_LOG IS SET TO OUTPUT ALL LOG MESSAGES !!!
20231108 030727.844 INFO             PET06 !!!     THIS MAY CAUSE SLOWDOWN IN PERFORMANCE     !!!
20231108 030727.844 INFO             PET06 !!! FOR PRODUCTION RUNS, USE:                      !!!
20231108 030727.844 INFO             PET06 !!!                   ESMF_LOGKIND_Multi_On_Error  !!!
20231108 030727.844 INFO             PET06 !!!!!!!!!!!!!!!!!!!!!!!!!!!!!!!!!!!!!!!!!!!!!!!!!!!!!!
20231108 030727.844 INFO             PET06 Running with ESMF Version   : 8.4.2
20231108 030727.844 INFO             PET06 ESMF library build date/time: "Jun 28 2023" "22:44:14"
20231108 030727.844 INFO             PET06 ESMF library build location : /home/conda/feedstock_root/build_artifacts/esmf_1687991243524/work
20231108 030727.844 INFO             PET06 ESMF_COMM                   : mpich
20231108 030727.889 INFO             PET06 ESMF_MOAB                   : enabled
20231108 030727.889 INFO             PET06 ESMF_LAPACK                 : enabled
20231108 030727.889 INFO             PET06 ESMF_NETCDF                 : enabled
20231108 030727.889 INFO             PET06 ESMF_PNETCDF                : disabled
20231108 030727.889 INFO             PET06 ESMF_PIO                    : enabled
20231108 030727.889 INFO             PET06 ESMF_YAMLCPP                : enabled
20231108 030840.573 INFO             PET06 Finalizing ESMF
20231108 034858.025 INFO             PET06 !!!!!!!!!!!!!!!!!!!!!!!!!!!!!!!!!!!!!!!!!!!!!!!!!!!!!!
20231108 034858.025 INFO             PET06 !!! THE ESMF_LOG IS SET TO OUTPUT ALL LOG MESSAGES !!!
20231108 034858.025 INFO             PET06 !!!     THIS MAY CAUSE SLOWDOWN IN PERFORMANCE     !!!
20231108 034858.025 INFO             PET06 !!! FOR PRODUCTION RUNS, USE:                      !!!
20231108 034858.025 INFO             PET06 !!!                   ESMF_LOGKIND_Multi_On_Error  !!!
20231108 034858.025 INFO             PET06 !!!!!!!!!!!!!!!!!!!!!!!!!!!!!!!!!!!!!!!!!!!!!!!!!!!!!!
20231108 034858.025 INFO             PET06 Running with ESMF Version   : 8.4.2
20231108 034858.026 INFO             PET06 ESMF library build date/time: "Jun 28 2023" "22:44:14"
20231108 034858.026 INFO             PET06 ESMF library build location : /home/conda/feedstock_root/build_artifacts/esmf_1687991243524/work
20231108 034858.026 INFO             PET06 ESMF_COMM                   : mpich
20231108 034858.074 INFO             PET06 ESMF_MOAB                   : enabled
20231108 034858.074 INFO             PET06 ESMF_LAPACK                 : enabled
20231108 034858.074 INFO             PET06 ESMF_NETCDF                 : enabled
20231108 034858.074 INFO             PET06 ESMF_PNETCDF                : disabled
20231108 034858.074 INFO             PET06 ESMF_PIO                    : enabled
20231108 034858.074 INFO             PET06 ESMF_YAMLCPP                : enabled
20231108 035005.609 INFO             PET06 Finalizing ESMF
20231108 053503.870 INFO             PET06 !!!!!!!!!!!!!!!!!!!!!!!!!!!!!!!!!!!!!!!!!!!!!!!!!!!!!!
20231108 053503.870 INFO             PET06 !!! THE ESMF_LOG IS SET TO OUTPUT ALL LOG MESSAGES !!!
20231108 053503.870 INFO             PET06 !!!     THIS MAY CAUSE SLOWDOWN IN PERFORMANCE     !!!
20231108 053503.870 INFO             PET06 !!! FOR PRODUCTION RUNS, USE:                      !!!
20231108 053503.870 INFO             PET06 !!!                   ESMF_LOGKIND_Multi_On_Error  !!!
20231108 053503.870 INFO             PET06 !!!!!!!!!!!!!!!!!!!!!!!!!!!!!!!!!!!!!!!!!!!!!!!!!!!!!!
20231108 053503.870 INFO             PET06 Running with ESMF Version   : 8.4.2
20231108 053503.870 INFO             PET06 ESMF library build date/time: "Jun 28 2023" "22:44:14"
20231108 053503.870 INFO             PET06 ESMF library build location : /home/conda/feedstock_root/build_artifacts/esmf_1687991243524/work
20231108 053503.870 INFO             PET06 ESMF_COMM                   : mpich
20231108 053503.935 INFO             PET06 ESMF_MOAB                   : enabled
20231108 053503.935 INFO             PET06 ESMF_LAPACK                 : enabled
20231108 053503.935 INFO             PET06 ESMF_NETCDF                 : enabled
20231108 053503.935 INFO             PET06 ESMF_PNETCDF                : disabled
20231108 053503.935 INFO             PET06 ESMF_PIO                    : enabled
20231108 053503.935 INFO             PET06 ESMF_YAMLCPP                : enabled
20231108 053609.695 INFO             PET06 Finalizing ESMF
20231108 061345.483 INFO             PET06 !!!!!!!!!!!!!!!!!!!!!!!!!!!!!!!!!!!!!!!!!!!!!!!!!!!!!!
20231108 061345.483 INFO             PET06 !!! THE ESMF_LOG IS SET TO OUTPUT ALL LOG MESSAGES !!!
20231108 061345.483 INFO             PET06 !!!     THIS MAY CAUSE SLOWDOWN IN PERFORMANCE     !!!
20231108 061345.483 INFO             PET06 !!! FOR PRODUCTION RUNS, USE:                      !!!
20231108 061345.483 INFO             PET06 !!!                   ESMF_LOGKIND_Multi_On_Error  !!!
20231108 061345.483 INFO             PET06 !!!!!!!!!!!!!!!!!!!!!!!!!!!!!!!!!!!!!!!!!!!!!!!!!!!!!!
20231108 061345.483 INFO             PET06 Running with ESMF Version   : 8.4.2
20231108 061345.484 INFO             PET06 ESMF library build date/time: "Jun 28 2023" "22:44:14"
20231108 061345.484 INFO             PET06 ESMF library build location : /home/conda/feedstock_root/build_artifacts/esmf_1687991243524/work
20231108 061345.484 INFO             PET06 ESMF_COMM                   : mpich
20231108 061345.522 INFO             PET06 ESMF_MOAB                   : enabled
20231108 061345.522 INFO             PET06 ESMF_LAPACK                 : enabled
20231108 061345.522 INFO             PET06 ESMF_NETCDF                 : enabled
20231108 061345.522 INFO             PET06 ESMF_PNETCDF                : disabled
20231108 061345.522 INFO             PET06 ESMF_PIO                    : enabled
20231108 061345.522 INFO             PET06 ESMF_YAMLCPP                : enabled
20231108 061412.874 INFO             PET06 Finalizing ESMF
20231108 062741.811 INFO             PET06 !!!!!!!!!!!!!!!!!!!!!!!!!!!!!!!!!!!!!!!!!!!!!!!!!!!!!!
20231108 062741.811 INFO             PET06 !!! THE ESMF_LOG IS SET TO OUTPUT ALL LOG MESSAGES !!!
20231108 062741.811 INFO             PET06 !!!     THIS MAY CAUSE SLOWDOWN IN PERFORMANCE     !!!
20231108 062741.811 INFO             PET06 !!! FOR PRODUCTION RUNS, USE:                      !!!
20231108 062741.811 INFO             PET06 !!!                   ESMF_LOGKIND_Multi_On_Error  !!!
20231108 062741.811 INFO             PET06 !!!!!!!!!!!!!!!!!!!!!!!!!!!!!!!!!!!!!!!!!!!!!!!!!!!!!!
20231108 062741.811 INFO             PET06 Running with ESMF Version   : 8.4.2
20231108 062741.811 INFO             PET06 ESMF library build date/time: "Jun 28 2023" "22:44:14"
20231108 062741.811 INFO             PET06 ESMF library build location : /home/conda/feedstock_root/build_artifacts/esmf_1687991243524/work
20231108 062741.811 INFO             PET06 ESMF_COMM                   : mpich
20231108 062741.851 INFO             PET06 ESMF_MOAB                   : enabled
20231108 062741.851 INFO             PET06 ESMF_LAPACK                 : enabled
20231108 062741.851 INFO             PET06 ESMF_NETCDF                 : enabled
20231108 062741.851 INFO             PET06 ESMF_PNETCDF                : disabled
20231108 062741.851 INFO             PET06 ESMF_PIO                    : enabled
20231108 062741.851 INFO             PET06 ESMF_YAMLCPP                : enabled
20231108 062808.210 INFO             PET06 Finalizing ESMF
20231108 064103.474 INFO             PET06 !!!!!!!!!!!!!!!!!!!!!!!!!!!!!!!!!!!!!!!!!!!!!!!!!!!!!!
20231108 064103.474 INFO             PET06 !!! THE ESMF_LOG IS SET TO OUTPUT ALL LOG MESSAGES !!!
20231108 064103.474 INFO             PET06 !!!     THIS MAY CAUSE SLOWDOWN IN PERFORMANCE     !!!
20231108 064103.474 INFO             PET06 !!! FOR PRODUCTION RUNS, USE:                      !!!
20231108 064103.474 INFO             PET06 !!!                   ESMF_LOGKIND_Multi_On_Error  !!!
20231108 064103.474 INFO             PET06 !!!!!!!!!!!!!!!!!!!!!!!!!!!!!!!!!!!!!!!!!!!!!!!!!!!!!!
20231108 064103.474 INFO             PET06 Running with ESMF Version   : 8.4.2
20231108 064103.475 INFO             PET06 ESMF library build date/time: "Jun 28 2023" "22:44:14"
20231108 064103.475 INFO             PET06 ESMF library build location : /home/conda/feedstock_root/build_artifacts/esmf_1687991243524/work
20231108 064103.475 INFO             PET06 ESMF_COMM                   : mpich
20231108 064103.523 INFO             PET06 ESMF_MOAB                   : enabled
20231108 064103.523 INFO             PET06 ESMF_LAPACK                 : enabled
20231108 064103.523 INFO             PET06 ESMF_NETCDF                 : enabled
20231108 064103.523 INFO             PET06 ESMF_PNETCDF                : disabled
20231108 064103.523 INFO             PET06 ESMF_PIO                    : enabled
20231108 064103.523 INFO             PET06 ESMF_YAMLCPP                : enabled
20231108 064320.205 INFO             PET06 Finalizing ESMF
20231108 081156.249 INFO             PET06 !!!!!!!!!!!!!!!!!!!!!!!!!!!!!!!!!!!!!!!!!!!!!!!!!!!!!!
20231108 081156.249 INFO             PET06 !!! THE ESMF_LOG IS SET TO OUTPUT ALL LOG MESSAGES !!!
20231108 081156.249 INFO             PET06 !!!     THIS MAY CAUSE SLOWDOWN IN PERFORMANCE     !!!
20231108 081156.249 INFO             PET06 !!! FOR PRODUCTION RUNS, USE:                      !!!
20231108 081156.249 INFO             PET06 !!!                   ESMF_LOGKIND_Multi_On_Error  !!!
20231108 081156.249 INFO             PET06 !!!!!!!!!!!!!!!!!!!!!!!!!!!!!!!!!!!!!!!!!!!!!!!!!!!!!!
20231108 081156.249 INFO             PET06 Running with ESMF Version   : 8.4.2
20231108 081156.249 INFO             PET06 ESMF library build date/time: "Jun 28 2023" "22:44:14"
20231108 081156.249 INFO             PET06 ESMF library build location : /home/conda/feedstock_root/build_artifacts/esmf_1687991243524/work
20231108 081156.249 INFO             PET06 ESMF_COMM                   : mpich
20231108 081156.299 INFO             PET06 ESMF_MOAB                   : enabled
20231108 081156.299 INFO             PET06 ESMF_LAPACK                 : enabled
20231108 081156.299 INFO             PET06 ESMF_NETCDF                 : enabled
20231108 081156.299 INFO             PET06 ESMF_PNETCDF                : disabled
20231108 081156.299 INFO             PET06 ESMF_PIO                    : enabled
20231108 081156.299 INFO             PET06 ESMF_YAMLCPP                : enabled
20231108 081415.746 INFO             PET06 Finalizing ESMF
20231108 090451.319 INFO             PET06 !!!!!!!!!!!!!!!!!!!!!!!!!!!!!!!!!!!!!!!!!!!!!!!!!!!!!!
20231108 090451.319 INFO             PET06 !!! THE ESMF_LOG IS SET TO OUTPUT ALL LOG MESSAGES !!!
20231108 090451.319 INFO             PET06 !!!     THIS MAY CAUSE SLOWDOWN IN PERFORMANCE     !!!
20231108 090451.319 INFO             PET06 !!! FOR PRODUCTION RUNS, USE:                      !!!
20231108 090451.319 INFO             PET06 !!!                   ESMF_LOGKIND_Multi_On_Error  !!!
20231108 090451.319 INFO             PET06 !!!!!!!!!!!!!!!!!!!!!!!!!!!!!!!!!!!!!!!!!!!!!!!!!!!!!!
20231108 090451.319 INFO             PET06 Running with ESMF Version   : 8.4.2
20231108 090451.320 INFO             PET06 ESMF library build date/time: "Jun 28 2023" "22:44:14"
20231108 090451.320 INFO             PET06 ESMF library build location : /home/conda/feedstock_root/build_artifacts/esmf_1687991243524/work
20231108 090451.320 INFO             PET06 ESMF_COMM                   : mpich
20231108 090451.327 INFO             PET06 ESMF_MOAB                   : enabled
20231108 090451.327 INFO             PET06 ESMF_LAPACK                 : enabled
20231108 090451.327 INFO             PET06 ESMF_NETCDF                 : enabled
20231108 090451.327 INFO             PET06 ESMF_PNETCDF                : disabled
20231108 090451.327 INFO             PET06 ESMF_PIO                    : enabled
20231108 090451.327 INFO             PET06 ESMF_YAMLCPP                : enabled
20231108 090504.547 INFO             PET06 Finalizing ESMF
20231108 090608.716 INFO             PET06 !!!!!!!!!!!!!!!!!!!!!!!!!!!!!!!!!!!!!!!!!!!!!!!!!!!!!!
20231108 090608.716 INFO             PET06 !!! THE ESMF_LOG IS SET TO OUTPUT ALL LOG MESSAGES !!!
20231108 090608.716 INFO             PET06 !!!     THIS MAY CAUSE SLOWDOWN IN PERFORMANCE     !!!
20231108 090608.716 INFO             PET06 !!! FOR PRODUCTION RUNS, USE:                      !!!
20231108 090608.716 INFO             PET06 !!!                   ESMF_LOGKIND_Multi_On_Error  !!!
20231108 090608.716 INFO             PET06 !!!!!!!!!!!!!!!!!!!!!!!!!!!!!!!!!!!!!!!!!!!!!!!!!!!!!!
20231108 090608.716 INFO             PET06 Running with ESMF Version   : 8.4.2
20231108 090608.717 INFO             PET06 ESMF library build date/time: "Jun 28 2023" "22:44:14"
20231108 090608.717 INFO             PET06 ESMF library build location : /home/conda/feedstock_root/build_artifacts/esmf_1687991243524/work
20231108 090608.717 INFO             PET06 ESMF_COMM                   : mpich
20231108 090608.722 INFO             PET06 ESMF_MOAB                   : enabled
20231108 090608.722 INFO             PET06 ESMF_LAPACK                 : enabled
20231108 090608.722 INFO             PET06 ESMF_NETCDF                 : enabled
20231108 090608.722 INFO             PET06 ESMF_PNETCDF                : disabled
20231108 090608.722 INFO             PET06 ESMF_PIO                    : enabled
20231108 090608.722 INFO             PET06 ESMF_YAMLCPP                : enabled
20231108 090623.051 INFO             PET06 Finalizing ESMF
20231108 090724.627 INFO             PET06 !!!!!!!!!!!!!!!!!!!!!!!!!!!!!!!!!!!!!!!!!!!!!!!!!!!!!!
20231108 090724.627 INFO             PET06 !!! THE ESMF_LOG IS SET TO OUTPUT ALL LOG MESSAGES !!!
20231108 090724.627 INFO             PET06 !!!     THIS MAY CAUSE SLOWDOWN IN PERFORMANCE     !!!
20231108 090724.627 INFO             PET06 !!! FOR PRODUCTION RUNS, USE:                      !!!
20231108 090724.627 INFO             PET06 !!!                   ESMF_LOGKIND_Multi_On_Error  !!!
20231108 090724.627 INFO             PET06 !!!!!!!!!!!!!!!!!!!!!!!!!!!!!!!!!!!!!!!!!!!!!!!!!!!!!!
20231108 090724.627 INFO             PET06 Running with ESMF Version   : 8.4.2
20231108 090724.629 INFO             PET06 ESMF library build date/time: "Jun 28 2023" "22:44:14"
20231108 090724.629 INFO             PET06 ESMF library build location : /home/conda/feedstock_root/build_artifacts/esmf_1687991243524/work
20231108 090724.629 INFO             PET06 ESMF_COMM                   : mpich
20231108 090724.634 INFO             PET06 ESMF_MOAB                   : enabled
20231108 090724.634 INFO             PET06 ESMF_LAPACK                 : enabled
20231108 090724.634 INFO             PET06 ESMF_NETCDF                 : enabled
20231108 090724.634 INFO             PET06 ESMF_PNETCDF                : disabled
20231108 090724.634 INFO             PET06 ESMF_PIO                    : enabled
20231108 090724.634 INFO             PET06 ESMF_YAMLCPP                : enabled
20231108 091645.303 INFO             PET06 Finalizing ESMF
20231108 115804.387 INFO             PET06 !!!!!!!!!!!!!!!!!!!!!!!!!!!!!!!!!!!!!!!!!!!!!!!!!!!!!!
20231108 115804.387 INFO             PET06 !!! THE ESMF_LOG IS SET TO OUTPUT ALL LOG MESSAGES !!!
20231108 115804.387 INFO             PET06 !!!     THIS MAY CAUSE SLOWDOWN IN PERFORMANCE     !!!
20231108 115804.387 INFO             PET06 !!! FOR PRODUCTION RUNS, USE:                      !!!
20231108 115804.387 INFO             PET06 !!!                   ESMF_LOGKIND_Multi_On_Error  !!!
20231108 115804.387 INFO             PET06 !!!!!!!!!!!!!!!!!!!!!!!!!!!!!!!!!!!!!!!!!!!!!!!!!!!!!!
20231108 115804.387 INFO             PET06 Running with ESMF Version   : 8.4.2
20231108 115804.388 INFO             PET06 ESMF library build date/time: "Jun 28 2023" "22:44:14"
20231108 115804.388 INFO             PET06 ESMF library build location : /home/conda/feedstock_root/build_artifacts/esmf_1687991243524/work
20231108 115804.388 INFO             PET06 ESMF_COMM                   : mpich
20231108 115804.399 INFO             PET06 ESMF_MOAB                   : enabled
20231108 115804.399 INFO             PET06 ESMF_LAPACK                 : enabled
20231108 115804.399 INFO             PET06 ESMF_NETCDF                 : enabled
20231108 115804.399 INFO             PET06 ESMF_PNETCDF                : disabled
20231108 115804.399 INFO             PET06 ESMF_PIO                    : enabled
20231108 115804.399 INFO             PET06 ESMF_YAMLCPP                : enabled
20231108 115821.180 INFO             PET06 Finalizing ESMF
