20231107 200205.092 INFO             PET10 !!!!!!!!!!!!!!!!!!!!!!!!!!!!!!!!!!!!!!!!!!!!!!!!!!!!!!
20231107 200205.092 INFO             PET10 !!! THE ESMF_LOG IS SET TO OUTPUT ALL LOG MESSAGES !!!
20231107 200205.092 INFO             PET10 !!!     THIS MAY CAUSE SLOWDOWN IN PERFORMANCE     !!!
20231107 200205.092 INFO             PET10 !!! FOR PRODUCTION RUNS, USE:                      !!!
20231107 200205.092 INFO             PET10 !!!                   ESMF_LOGKIND_Multi_On_Error  !!!
20231107 200205.092 INFO             PET10 !!!!!!!!!!!!!!!!!!!!!!!!!!!!!!!!!!!!!!!!!!!!!!!!!!!!!!
20231107 200205.092 INFO             PET10 Running with ESMF Version   : 8.4.2
20231107 200205.092 INFO             PET10 ESMF library build date/time: "Jun 28 2023" "22:44:14"
20231107 200205.092 INFO             PET10 ESMF library build location : /home/conda/feedstock_root/build_artifacts/esmf_1687991243524/work
20231107 200205.092 INFO             PET10 ESMF_COMM                   : mpich
20231107 200205.101 INFO             PET10 ESMF_MOAB                   : enabled
20231107 200205.101 INFO             PET10 ESMF_LAPACK                 : enabled
20231107 200205.101 INFO             PET10 ESMF_NETCDF                 : enabled
20231107 200205.101 INFO             PET10 ESMF_PNETCDF                : disabled
20231107 200205.101 INFO             PET10 ESMF_PIO                    : enabled
20231107 200205.101 INFO             PET10 ESMF_YAMLCPP                : enabled
20231107 200223.586 INFO             PET10 Finalizing ESMF
20231107 201003.791 INFO             PET10 !!!!!!!!!!!!!!!!!!!!!!!!!!!!!!!!!!!!!!!!!!!!!!!!!!!!!!
20231107 201003.792 INFO             PET10 !!! THE ESMF_LOG IS SET TO OUTPUT ALL LOG MESSAGES !!!
20231107 201003.792 INFO             PET10 !!!     THIS MAY CAUSE SLOWDOWN IN PERFORMANCE     !!!
20231107 201003.792 INFO             PET10 !!! FOR PRODUCTION RUNS, USE:                      !!!
20231107 201003.792 INFO             PET10 !!!                   ESMF_LOGKIND_Multi_On_Error  !!!
20231107 201003.792 INFO             PET10 !!!!!!!!!!!!!!!!!!!!!!!!!!!!!!!!!!!!!!!!!!!!!!!!!!!!!!
20231107 201003.792 INFO             PET10 Running with ESMF Version   : 8.4.2
20231107 201003.792 INFO             PET10 ESMF library build date/time: "Jun 28 2023" "22:44:14"
20231107 201003.792 INFO             PET10 ESMF library build location : /home/conda/feedstock_root/build_artifacts/esmf_1687991243524/work
20231107 201003.792 INFO             PET10 ESMF_COMM                   : mpich
20231107 201003.863 INFO             PET10 ESMF_MOAB                   : enabled
20231107 201003.863 INFO             PET10 ESMF_LAPACK                 : enabled
20231107 201003.863 INFO             PET10 ESMF_NETCDF                 : enabled
20231107 201003.863 INFO             PET10 ESMF_PNETCDF                : disabled
20231107 201003.863 INFO             PET10 ESMF_PIO                    : enabled
20231107 201003.863 INFO             PET10 ESMF_YAMLCPP                : enabled
20231107 201025.263 INFO             PET10 Finalizing ESMF
20231107 202203.562 INFO             PET10 !!!!!!!!!!!!!!!!!!!!!!!!!!!!!!!!!!!!!!!!!!!!!!!!!!!!!!
20231107 202203.562 INFO             PET10 !!! THE ESMF_LOG IS SET TO OUTPUT ALL LOG MESSAGES !!!
20231107 202203.562 INFO             PET10 !!!     THIS MAY CAUSE SLOWDOWN IN PERFORMANCE     !!!
20231107 202203.562 INFO             PET10 !!! FOR PRODUCTION RUNS, USE:                      !!!
20231107 202203.562 INFO             PET10 !!!                   ESMF_LOGKIND_Multi_On_Error  !!!
20231107 202203.562 INFO             PET10 !!!!!!!!!!!!!!!!!!!!!!!!!!!!!!!!!!!!!!!!!!!!!!!!!!!!!!
20231107 202203.562 INFO             PET10 Running with ESMF Version   : 8.4.2
20231107 202203.562 INFO             PET10 ESMF library build date/time: "Jun 28 2023" "22:44:14"
20231107 202203.562 INFO             PET10 ESMF library build location : /home/conda/feedstock_root/build_artifacts/esmf_1687991243524/work
20231107 202203.562 INFO             PET10 ESMF_COMM                   : mpich
20231107 202203.569 INFO             PET10 ESMF_MOAB                   : enabled
20231107 202203.569 INFO             PET10 ESMF_LAPACK                 : enabled
20231107 202203.569 INFO             PET10 ESMF_NETCDF                 : enabled
20231107 202203.569 INFO             PET10 ESMF_PNETCDF                : disabled
20231107 202203.569 INFO             PET10 ESMF_PIO                    : enabled
20231107 202203.569 INFO             PET10 ESMF_YAMLCPP                : enabled
20231107 202444.222 INFO             PET10 Finalizing ESMF
20231107 231010.051 INFO             PET10 !!!!!!!!!!!!!!!!!!!!!!!!!!!!!!!!!!!!!!!!!!!!!!!!!!!!!!
20231107 231010.052 INFO             PET10 !!! THE ESMF_LOG IS SET TO OUTPUT ALL LOG MESSAGES !!!
20231107 231010.052 INFO             PET10 !!!     THIS MAY CAUSE SLOWDOWN IN PERFORMANCE     !!!
20231107 231010.052 INFO             PET10 !!! FOR PRODUCTION RUNS, USE:                      !!!
20231107 231010.052 INFO             PET10 !!!                   ESMF_LOGKIND_Multi_On_Error  !!!
20231107 231010.052 INFO             PET10 !!!!!!!!!!!!!!!!!!!!!!!!!!!!!!!!!!!!!!!!!!!!!!!!!!!!!!
20231107 231010.052 INFO             PET10 Running with ESMF Version   : 8.4.2
20231107 231010.052 INFO             PET10 ESMF library build date/time: "Jun 28 2023" "22:44:14"
20231107 231010.052 INFO             PET10 ESMF library build location : /home/conda/feedstock_root/build_artifacts/esmf_1687991243524/work
20231107 231010.052 INFO             PET10 ESMF_COMM                   : mpich
20231107 231010.069 INFO             PET10 ESMF_MOAB                   : enabled
20231107 231010.069 INFO             PET10 ESMF_LAPACK                 : enabled
20231107 231010.069 INFO             PET10 ESMF_NETCDF                 : enabled
20231107 231010.069 INFO             PET10 ESMF_PNETCDF                : disabled
20231107 231010.069 INFO             PET10 ESMF_PIO                    : enabled
20231107 231010.069 INFO             PET10 ESMF_YAMLCPP                : enabled
20231107 231228.636 INFO             PET10 Finalizing ESMF
20231108 024438.603 INFO             PET10 !!!!!!!!!!!!!!!!!!!!!!!!!!!!!!!!!!!!!!!!!!!!!!!!!!!!!!
20231108 024438.603 INFO             PET10 !!! THE ESMF_LOG IS SET TO OUTPUT ALL LOG MESSAGES !!!
20231108 024438.603 INFO             PET10 !!!     THIS MAY CAUSE SLOWDOWN IN PERFORMANCE     !!!
20231108 024438.603 INFO             PET10 !!! FOR PRODUCTION RUNS, USE:                      !!!
20231108 024438.603 INFO             PET10 !!!                   ESMF_LOGKIND_Multi_On_Error  !!!
20231108 024438.603 INFO             PET10 !!!!!!!!!!!!!!!!!!!!!!!!!!!!!!!!!!!!!!!!!!!!!!!!!!!!!!
20231108 024438.603 INFO             PET10 Running with ESMF Version   : 8.4.2
20231108 024438.603 INFO             PET10 ESMF library build date/time: "Jun 28 2023" "22:44:14"
20231108 024438.603 INFO             PET10 ESMF library build location : /home/conda/feedstock_root/build_artifacts/esmf_1687991243524/work
20231108 024438.603 INFO             PET10 ESMF_COMM                   : mpich
20231108 024438.732 INFO             PET10 ESMF_MOAB                   : enabled
20231108 024438.732 INFO             PET10 ESMF_LAPACK                 : enabled
20231108 024438.732 INFO             PET10 ESMF_NETCDF                 : enabled
20231108 024438.732 INFO             PET10 ESMF_PNETCDF                : disabled
20231108 024438.732 INFO             PET10 ESMF_PIO                    : enabled
20231108 024438.732 INFO             PET10 ESMF_YAMLCPP                : enabled
20231108 024514.715 INFO             PET10 Finalizing ESMF
20231108 030727.847 INFO             PET10 !!!!!!!!!!!!!!!!!!!!!!!!!!!!!!!!!!!!!!!!!!!!!!!!!!!!!!
20231108 030727.847 INFO             PET10 !!! THE ESMF_LOG IS SET TO OUTPUT ALL LOG MESSAGES !!!
20231108 030727.847 INFO             PET10 !!!     THIS MAY CAUSE SLOWDOWN IN PERFORMANCE     !!!
20231108 030727.847 INFO             PET10 !!! FOR PRODUCTION RUNS, USE:                      !!!
20231108 030727.847 INFO             PET10 !!!                   ESMF_LOGKIND_Multi_On_Error  !!!
20231108 030727.847 INFO             PET10 !!!!!!!!!!!!!!!!!!!!!!!!!!!!!!!!!!!!!!!!!!!!!!!!!!!!!!
20231108 030727.847 INFO             PET10 Running with ESMF Version   : 8.4.2
20231108 030727.848 INFO             PET10 ESMF library build date/time: "Jun 28 2023" "22:44:14"
20231108 030727.848 INFO             PET10 ESMF library build location : /home/conda/feedstock_root/build_artifacts/esmf_1687991243524/work
20231108 030727.848 INFO             PET10 ESMF_COMM                   : mpich
20231108 030727.892 INFO             PET10 ESMF_MOAB                   : enabled
20231108 030727.892 INFO             PET10 ESMF_LAPACK                 : enabled
20231108 030727.892 INFO             PET10 ESMF_NETCDF                 : enabled
20231108 030727.892 INFO             PET10 ESMF_PNETCDF                : disabled
20231108 030727.892 INFO             PET10 ESMF_PIO                    : enabled
20231108 030727.892 INFO             PET10 ESMF_YAMLCPP                : enabled
20231108 030840.572 INFO             PET10 Finalizing ESMF
20231108 034858.019 INFO             PET10 !!!!!!!!!!!!!!!!!!!!!!!!!!!!!!!!!!!!!!!!!!!!!!!!!!!!!!
20231108 034858.019 INFO             PET10 !!! THE ESMF_LOG IS SET TO OUTPUT ALL LOG MESSAGES !!!
20231108 034858.019 INFO             PET10 !!!     THIS MAY CAUSE SLOWDOWN IN PERFORMANCE     !!!
20231108 034858.019 INFO             PET10 !!! FOR PRODUCTION RUNS, USE:                      !!!
20231108 034858.019 INFO             PET10 !!!                   ESMF_LOGKIND_Multi_On_Error  !!!
20231108 034858.019 INFO             PET10 !!!!!!!!!!!!!!!!!!!!!!!!!!!!!!!!!!!!!!!!!!!!!!!!!!!!!!
20231108 034858.019 INFO             PET10 Running with ESMF Version   : 8.4.2
20231108 034858.020 INFO             PET10 ESMF library build date/time: "Jun 28 2023" "22:44:14"
20231108 034858.020 INFO             PET10 ESMF library build location : /home/conda/feedstock_root/build_artifacts/esmf_1687991243524/work
20231108 034858.020 INFO             PET10 ESMF_COMM                   : mpich
20231108 034858.059 INFO             PET10 ESMF_MOAB                   : enabled
20231108 034858.059 INFO             PET10 ESMF_LAPACK                 : enabled
20231108 034858.059 INFO             PET10 ESMF_NETCDF                 : enabled
20231108 034858.059 INFO             PET10 ESMF_PNETCDF                : disabled
20231108 034858.059 INFO             PET10 ESMF_PIO                    : enabled
20231108 034858.059 INFO             PET10 ESMF_YAMLCPP                : enabled
20231108 035005.608 INFO             PET10 Finalizing ESMF
20231108 053503.866 INFO             PET10 !!!!!!!!!!!!!!!!!!!!!!!!!!!!!!!!!!!!!!!!!!!!!!!!!!!!!!
20231108 053503.866 INFO             PET10 !!! THE ESMF_LOG IS SET TO OUTPUT ALL LOG MESSAGES !!!
20231108 053503.866 INFO             PET10 !!!     THIS MAY CAUSE SLOWDOWN IN PERFORMANCE     !!!
20231108 053503.866 INFO             PET10 !!! FOR PRODUCTION RUNS, USE:                      !!!
20231108 053503.866 INFO             PET10 !!!                   ESMF_LOGKIND_Multi_On_Error  !!!
20231108 053503.866 INFO             PET10 !!!!!!!!!!!!!!!!!!!!!!!!!!!!!!!!!!!!!!!!!!!!!!!!!!!!!!
20231108 053503.866 INFO             PET10 Running with ESMF Version   : 8.4.2
20231108 053503.867 INFO             PET10 ESMF library build date/time: "Jun 28 2023" "22:44:14"
20231108 053503.867 INFO             PET10 ESMF library build location : /home/conda/feedstock_root/build_artifacts/esmf_1687991243524/work
20231108 053503.867 INFO             PET10 ESMF_COMM                   : mpich
20231108 053503.926 INFO             PET10 ESMF_MOAB                   : enabled
20231108 053503.926 INFO             PET10 ESMF_LAPACK                 : enabled
20231108 053503.926 INFO             PET10 ESMF_NETCDF                 : enabled
20231108 053503.926 INFO             PET10 ESMF_PNETCDF                : disabled
20231108 053503.926 INFO             PET10 ESMF_PIO                    : enabled
20231108 053503.926 INFO             PET10 ESMF_YAMLCPP                : enabled
20231108 053609.696 INFO             PET10 Finalizing ESMF
20231108 061345.502 INFO             PET10 !!!!!!!!!!!!!!!!!!!!!!!!!!!!!!!!!!!!!!!!!!!!!!!!!!!!!!
20231108 061345.502 INFO             PET10 !!! THE ESMF_LOG IS SET TO OUTPUT ALL LOG MESSAGES !!!
20231108 061345.502 INFO             PET10 !!!     THIS MAY CAUSE SLOWDOWN IN PERFORMANCE     !!!
20231108 061345.502 INFO             PET10 !!! FOR PRODUCTION RUNS, USE:                      !!!
20231108 061345.502 INFO             PET10 !!!                   ESMF_LOGKIND_Multi_On_Error  !!!
20231108 061345.502 INFO             PET10 !!!!!!!!!!!!!!!!!!!!!!!!!!!!!!!!!!!!!!!!!!!!!!!!!!!!!!
20231108 061345.502 INFO             PET10 Running with ESMF Version   : 8.4.2
20231108 061345.503 INFO             PET10 ESMF library build date/time: "Jun 28 2023" "22:44:14"
20231108 061345.503 INFO             PET10 ESMF library build location : /home/conda/feedstock_root/build_artifacts/esmf_1687991243524/work
20231108 061345.503 INFO             PET10 ESMF_COMM                   : mpich
20231108 061345.549 INFO             PET10 ESMF_MOAB                   : enabled
20231108 061345.549 INFO             PET10 ESMF_LAPACK                 : enabled
20231108 061345.549 INFO             PET10 ESMF_NETCDF                 : enabled
20231108 061345.549 INFO             PET10 ESMF_PNETCDF                : disabled
20231108 061345.549 INFO             PET10 ESMF_PIO                    : enabled
20231108 061345.549 INFO             PET10 ESMF_YAMLCPP                : enabled
20231108 061412.874 INFO             PET10 Finalizing ESMF
20231108 062741.793 INFO             PET10 !!!!!!!!!!!!!!!!!!!!!!!!!!!!!!!!!!!!!!!!!!!!!!!!!!!!!!
20231108 062741.793 INFO             PET10 !!! THE ESMF_LOG IS SET TO OUTPUT ALL LOG MESSAGES !!!
20231108 062741.793 INFO             PET10 !!!     THIS MAY CAUSE SLOWDOWN IN PERFORMANCE     !!!
20231108 062741.793 INFO             PET10 !!! FOR PRODUCTION RUNS, USE:                      !!!
20231108 062741.793 INFO             PET10 !!!                   ESMF_LOGKIND_Multi_On_Error  !!!
20231108 062741.793 INFO             PET10 !!!!!!!!!!!!!!!!!!!!!!!!!!!!!!!!!!!!!!!!!!!!!!!!!!!!!!
20231108 062741.793 INFO             PET10 Running with ESMF Version   : 8.4.2
20231108 062741.793 INFO             PET10 ESMF library build date/time: "Jun 28 2023" "22:44:14"
20231108 062741.793 INFO             PET10 ESMF library build location : /home/conda/feedstock_root/build_artifacts/esmf_1687991243524/work
20231108 062741.793 INFO             PET10 ESMF_COMM                   : mpich
20231108 062741.840 INFO             PET10 ESMF_MOAB                   : enabled
20231108 062741.840 INFO             PET10 ESMF_LAPACK                 : enabled
20231108 062741.840 INFO             PET10 ESMF_NETCDF                 : enabled
20231108 062741.840 INFO             PET10 ESMF_PNETCDF                : disabled
20231108 062741.840 INFO             PET10 ESMF_PIO                    : enabled
20231108 062741.840 INFO             PET10 ESMF_YAMLCPP                : enabled
20231108 062808.210 INFO             PET10 Finalizing ESMF
20231108 064103.472 INFO             PET10 !!!!!!!!!!!!!!!!!!!!!!!!!!!!!!!!!!!!!!!!!!!!!!!!!!!!!!
20231108 064103.472 INFO             PET10 !!! THE ESMF_LOG IS SET TO OUTPUT ALL LOG MESSAGES !!!
20231108 064103.472 INFO             PET10 !!!     THIS MAY CAUSE SLOWDOWN IN PERFORMANCE     !!!
20231108 064103.472 INFO             PET10 !!! FOR PRODUCTION RUNS, USE:                      !!!
20231108 064103.472 INFO             PET10 !!!                   ESMF_LOGKIND_Multi_On_Error  !!!
20231108 064103.472 INFO             PET10 !!!!!!!!!!!!!!!!!!!!!!!!!!!!!!!!!!!!!!!!!!!!!!!!!!!!!!
20231108 064103.472 INFO             PET10 Running with ESMF Version   : 8.4.2
20231108 064103.472 INFO             PET10 ESMF library build date/time: "Jun 28 2023" "22:44:14"
20231108 064103.472 INFO             PET10 ESMF library build location : /home/conda/feedstock_root/build_artifacts/esmf_1687991243524/work
20231108 064103.472 INFO             PET10 ESMF_COMM                   : mpich
20231108 064103.539 INFO             PET10 ESMF_MOAB                   : enabled
20231108 064103.539 INFO             PET10 ESMF_LAPACK                 : enabled
20231108 064103.539 INFO             PET10 ESMF_NETCDF                 : enabled
20231108 064103.539 INFO             PET10 ESMF_PNETCDF                : disabled
20231108 064103.539 INFO             PET10 ESMF_PIO                    : enabled
20231108 064103.539 INFO             PET10 ESMF_YAMLCPP                : enabled
20231108 064320.204 INFO             PET10 Finalizing ESMF
20231108 081156.255 INFO             PET10 !!!!!!!!!!!!!!!!!!!!!!!!!!!!!!!!!!!!!!!!!!!!!!!!!!!!!!
20231108 081156.255 INFO             PET10 !!! THE ESMF_LOG IS SET TO OUTPUT ALL LOG MESSAGES !!!
20231108 081156.255 INFO             PET10 !!!     THIS MAY CAUSE SLOWDOWN IN PERFORMANCE     !!!
20231108 081156.255 INFO             PET10 !!! FOR PRODUCTION RUNS, USE:                      !!!
20231108 081156.255 INFO             PET10 !!!                   ESMF_LOGKIND_Multi_On_Error  !!!
20231108 081156.255 INFO             PET10 !!!!!!!!!!!!!!!!!!!!!!!!!!!!!!!!!!!!!!!!!!!!!!!!!!!!!!
20231108 081156.255 INFO             PET10 Running with ESMF Version   : 8.4.2
20231108 081156.256 INFO             PET10 ESMF library build date/time: "Jun 28 2023" "22:44:14"
20231108 081156.256 INFO             PET10 ESMF library build location : /home/conda/feedstock_root/build_artifacts/esmf_1687991243524/work
20231108 081156.256 INFO             PET10 ESMF_COMM                   : mpich
20231108 081156.322 INFO             PET10 ESMF_MOAB                   : enabled
20231108 081156.322 INFO             PET10 ESMF_LAPACK                 : enabled
20231108 081156.322 INFO             PET10 ESMF_NETCDF                 : enabled
20231108 081156.322 INFO             PET10 ESMF_PNETCDF                : disabled
20231108 081156.322 INFO             PET10 ESMF_PIO                    : enabled
20231108 081156.322 INFO             PET10 ESMF_YAMLCPP                : enabled
20231108 081415.746 INFO             PET10 Finalizing ESMF
20231108 090451.319 INFO             PET10 !!!!!!!!!!!!!!!!!!!!!!!!!!!!!!!!!!!!!!!!!!!!!!!!!!!!!!
20231108 090451.319 INFO             PET10 !!! THE ESMF_LOG IS SET TO OUTPUT ALL LOG MESSAGES !!!
20231108 090451.319 INFO             PET10 !!!     THIS MAY CAUSE SLOWDOWN IN PERFORMANCE     !!!
20231108 090451.319 INFO             PET10 !!! FOR PRODUCTION RUNS, USE:                      !!!
20231108 090451.319 INFO             PET10 !!!                   ESMF_LOGKIND_Multi_On_Error  !!!
20231108 090451.319 INFO             PET10 !!!!!!!!!!!!!!!!!!!!!!!!!!!!!!!!!!!!!!!!!!!!!!!!!!!!!!
20231108 090451.319 INFO             PET10 Running with ESMF Version   : 8.4.2
20231108 090451.320 INFO             PET10 ESMF library build date/time: "Jun 28 2023" "22:44:14"
20231108 090451.320 INFO             PET10 ESMF library build location : /home/conda/feedstock_root/build_artifacts/esmf_1687991243524/work
20231108 090451.320 INFO             PET10 ESMF_COMM                   : mpich
20231108 090451.327 INFO             PET10 ESMF_MOAB                   : enabled
20231108 090451.327 INFO             PET10 ESMF_LAPACK                 : enabled
20231108 090451.327 INFO             PET10 ESMF_NETCDF                 : enabled
20231108 090451.327 INFO             PET10 ESMF_PNETCDF                : disabled
20231108 090451.327 INFO             PET10 ESMF_PIO                    : enabled
20231108 090451.327 INFO             PET10 ESMF_YAMLCPP                : enabled
20231108 090504.546 INFO             PET10 Finalizing ESMF
20231108 090608.718 INFO             PET10 !!!!!!!!!!!!!!!!!!!!!!!!!!!!!!!!!!!!!!!!!!!!!!!!!!!!!!
20231108 090608.718 INFO             PET10 !!! THE ESMF_LOG IS SET TO OUTPUT ALL LOG MESSAGES !!!
20231108 090608.718 INFO             PET10 !!!     THIS MAY CAUSE SLOWDOWN IN PERFORMANCE     !!!
20231108 090608.718 INFO             PET10 !!! FOR PRODUCTION RUNS, USE:                      !!!
20231108 090608.718 INFO             PET10 !!!                   ESMF_LOGKIND_Multi_On_Error  !!!
20231108 090608.718 INFO             PET10 !!!!!!!!!!!!!!!!!!!!!!!!!!!!!!!!!!!!!!!!!!!!!!!!!!!!!!
20231108 090608.718 INFO             PET10 Running with ESMF Version   : 8.4.2
20231108 090608.719 INFO             PET10 ESMF library build date/time: "Jun 28 2023" "22:44:14"
20231108 090608.719 INFO             PET10 ESMF library build location : /home/conda/feedstock_root/build_artifacts/esmf_1687991243524/work
20231108 090608.719 INFO             PET10 ESMF_COMM                   : mpich
20231108 090608.725 INFO             PET10 ESMF_MOAB                   : enabled
20231108 090608.725 INFO             PET10 ESMF_LAPACK                 : enabled
20231108 090608.725 INFO             PET10 ESMF_NETCDF                 : enabled
20231108 090608.725 INFO             PET10 ESMF_PNETCDF                : disabled
20231108 090608.725 INFO             PET10 ESMF_PIO                    : enabled
20231108 090608.725 INFO             PET10 ESMF_YAMLCPP                : enabled
20231108 090623.052 INFO             PET10 Finalizing ESMF
20231108 090724.627 INFO             PET10 !!!!!!!!!!!!!!!!!!!!!!!!!!!!!!!!!!!!!!!!!!!!!!!!!!!!!!
20231108 090724.627 INFO             PET10 !!! THE ESMF_LOG IS SET TO OUTPUT ALL LOG MESSAGES !!!
20231108 090724.627 INFO             PET10 !!!     THIS MAY CAUSE SLOWDOWN IN PERFORMANCE     !!!
20231108 090724.627 INFO             PET10 !!! FOR PRODUCTION RUNS, USE:                      !!!
20231108 090724.627 INFO             PET10 !!!                   ESMF_LOGKIND_Multi_On_Error  !!!
20231108 090724.627 INFO             PET10 !!!!!!!!!!!!!!!!!!!!!!!!!!!!!!!!!!!!!!!!!!!!!!!!!!!!!!
20231108 090724.627 INFO             PET10 Running with ESMF Version   : 8.4.2
20231108 090724.628 INFO             PET10 ESMF library build date/time: "Jun 28 2023" "22:44:14"
20231108 090724.628 INFO             PET10 ESMF library build location : /home/conda/feedstock_root/build_artifacts/esmf_1687991243524/work
20231108 090724.628 INFO             PET10 ESMF_COMM                   : mpich
20231108 090724.633 INFO             PET10 ESMF_MOAB                   : enabled
20231108 090724.633 INFO             PET10 ESMF_LAPACK                 : enabled
20231108 090724.633 INFO             PET10 ESMF_NETCDF                 : enabled
20231108 090724.633 INFO             PET10 ESMF_PNETCDF                : disabled
20231108 090724.633 INFO             PET10 ESMF_PIO                    : enabled
20231108 090724.633 INFO             PET10 ESMF_YAMLCPP                : enabled
20231108 091645.159 INFO             PET10 Finalizing ESMF
20231108 115804.387 INFO             PET10 !!!!!!!!!!!!!!!!!!!!!!!!!!!!!!!!!!!!!!!!!!!!!!!!!!!!!!
20231108 115804.387 INFO             PET10 !!! THE ESMF_LOG IS SET TO OUTPUT ALL LOG MESSAGES !!!
20231108 115804.387 INFO             PET10 !!!     THIS MAY CAUSE SLOWDOWN IN PERFORMANCE     !!!
20231108 115804.387 INFO             PET10 !!! FOR PRODUCTION RUNS, USE:                      !!!
20231108 115804.387 INFO             PET10 !!!                   ESMF_LOGKIND_Multi_On_Error  !!!
20231108 115804.387 INFO             PET10 !!!!!!!!!!!!!!!!!!!!!!!!!!!!!!!!!!!!!!!!!!!!!!!!!!!!!!
20231108 115804.387 INFO             PET10 Running with ESMF Version   : 8.4.2
20231108 115804.388 INFO             PET10 ESMF library build date/time: "Jun 28 2023" "22:44:14"
20231108 115804.388 INFO             PET10 ESMF library build location : /home/conda/feedstock_root/build_artifacts/esmf_1687991243524/work
20231108 115804.388 INFO             PET10 ESMF_COMM                   : mpich
20231108 115804.408 INFO             PET10 ESMF_MOAB                   : enabled
20231108 115804.408 INFO             PET10 ESMF_LAPACK                 : enabled
20231108 115804.408 INFO             PET10 ESMF_NETCDF                 : enabled
20231108 115804.408 INFO             PET10 ESMF_PNETCDF                : disabled
20231108 115804.408 INFO             PET10 ESMF_PIO                    : enabled
20231108 115804.408 INFO             PET10 ESMF_YAMLCPP                : enabled
20231108 115821.180 INFO             PET10 Finalizing ESMF
