20231107 200205.071 INFO             PET11 !!!!!!!!!!!!!!!!!!!!!!!!!!!!!!!!!!!!!!!!!!!!!!!!!!!!!!
20231107 200205.071 INFO             PET11 !!! THE ESMF_LOG IS SET TO OUTPUT ALL LOG MESSAGES !!!
20231107 200205.071 INFO             PET11 !!!     THIS MAY CAUSE SLOWDOWN IN PERFORMANCE     !!!
20231107 200205.071 INFO             PET11 !!! FOR PRODUCTION RUNS, USE:                      !!!
20231107 200205.071 INFO             PET11 !!!                   ESMF_LOGKIND_Multi_On_Error  !!!
20231107 200205.071 INFO             PET11 !!!!!!!!!!!!!!!!!!!!!!!!!!!!!!!!!!!!!!!!!!!!!!!!!!!!!!
20231107 200205.071 INFO             PET11 Running with ESMF Version   : 8.4.2
20231107 200205.072 INFO             PET11 ESMF library build date/time: "Jun 28 2023" "22:44:14"
20231107 200205.072 INFO             PET11 ESMF library build location : /home/conda/feedstock_root/build_artifacts/esmf_1687991243524/work
20231107 200205.072 INFO             PET11 ESMF_COMM                   : mpich
20231107 200205.106 INFO             PET11 ESMF_MOAB                   : enabled
20231107 200205.107 INFO             PET11 ESMF_LAPACK                 : enabled
20231107 200205.107 INFO             PET11 ESMF_NETCDF                 : enabled
20231107 200205.107 INFO             PET11 ESMF_PNETCDF                : disabled
20231107 200205.107 INFO             PET11 ESMF_PIO                    : enabled
20231107 200205.107 INFO             PET11 ESMF_YAMLCPP                : enabled
20231107 200223.586 INFO             PET11 Finalizing ESMF
20231107 201003.770 INFO             PET11 !!!!!!!!!!!!!!!!!!!!!!!!!!!!!!!!!!!!!!!!!!!!!!!!!!!!!!
20231107 201003.771 INFO             PET11 !!! THE ESMF_LOG IS SET TO OUTPUT ALL LOG MESSAGES !!!
20231107 201003.771 INFO             PET11 !!!     THIS MAY CAUSE SLOWDOWN IN PERFORMANCE     !!!
20231107 201003.771 INFO             PET11 !!! FOR PRODUCTION RUNS, USE:                      !!!
20231107 201003.771 INFO             PET11 !!!                   ESMF_LOGKIND_Multi_On_Error  !!!
20231107 201003.771 INFO             PET11 !!!!!!!!!!!!!!!!!!!!!!!!!!!!!!!!!!!!!!!!!!!!!!!!!!!!!!
20231107 201003.771 INFO             PET11 Running with ESMF Version   : 8.4.2
20231107 201003.771 INFO             PET11 ESMF library build date/time: "Jun 28 2023" "22:44:14"
20231107 201003.771 INFO             PET11 ESMF library build location : /home/conda/feedstock_root/build_artifacts/esmf_1687991243524/work
20231107 201003.771 INFO             PET11 ESMF_COMM                   : mpich
20231107 201003.856 INFO             PET11 ESMF_MOAB                   : enabled
20231107 201003.856 INFO             PET11 ESMF_LAPACK                 : enabled
20231107 201003.856 INFO             PET11 ESMF_NETCDF                 : enabled
20231107 201003.856 INFO             PET11 ESMF_PNETCDF                : disabled
20231107 201003.856 INFO             PET11 ESMF_PIO                    : enabled
20231107 201003.856 INFO             PET11 ESMF_YAMLCPP                : enabled
20231107 201025.263 INFO             PET11 Finalizing ESMF
20231107 202203.559 INFO             PET11 !!!!!!!!!!!!!!!!!!!!!!!!!!!!!!!!!!!!!!!!!!!!!!!!!!!!!!
20231107 202203.559 INFO             PET11 !!! THE ESMF_LOG IS SET TO OUTPUT ALL LOG MESSAGES !!!
20231107 202203.559 INFO             PET11 !!!     THIS MAY CAUSE SLOWDOWN IN PERFORMANCE     !!!
20231107 202203.559 INFO             PET11 !!! FOR PRODUCTION RUNS, USE:                      !!!
20231107 202203.559 INFO             PET11 !!!                   ESMF_LOGKIND_Multi_On_Error  !!!
20231107 202203.559 INFO             PET11 !!!!!!!!!!!!!!!!!!!!!!!!!!!!!!!!!!!!!!!!!!!!!!!!!!!!!!
20231107 202203.559 INFO             PET11 Running with ESMF Version   : 8.4.2
20231107 202203.560 INFO             PET11 ESMF library build date/time: "Jun 28 2023" "22:44:14"
20231107 202203.560 INFO             PET11 ESMF library build location : /home/conda/feedstock_root/build_artifacts/esmf_1687991243524/work
20231107 202203.560 INFO             PET11 ESMF_COMM                   : mpich
20231107 202203.569 INFO             PET11 ESMF_MOAB                   : enabled
20231107 202203.569 INFO             PET11 ESMF_LAPACK                 : enabled
20231107 202203.569 INFO             PET11 ESMF_NETCDF                 : enabled
20231107 202203.569 INFO             PET11 ESMF_PNETCDF                : disabled
20231107 202203.569 INFO             PET11 ESMF_PIO                    : enabled
20231107 202203.569 INFO             PET11 ESMF_YAMLCPP                : enabled
20231107 202444.222 INFO             PET11 Finalizing ESMF
20231107 231010.062 INFO             PET11 !!!!!!!!!!!!!!!!!!!!!!!!!!!!!!!!!!!!!!!!!!!!!!!!!!!!!!
20231107 231010.062 INFO             PET11 !!! THE ESMF_LOG IS SET TO OUTPUT ALL LOG MESSAGES !!!
20231107 231010.062 INFO             PET11 !!!     THIS MAY CAUSE SLOWDOWN IN PERFORMANCE     !!!
20231107 231010.062 INFO             PET11 !!! FOR PRODUCTION RUNS, USE:                      !!!
20231107 231010.062 INFO             PET11 !!!                   ESMF_LOGKIND_Multi_On_Error  !!!
20231107 231010.062 INFO             PET11 !!!!!!!!!!!!!!!!!!!!!!!!!!!!!!!!!!!!!!!!!!!!!!!!!!!!!!
20231107 231010.062 INFO             PET11 Running with ESMF Version   : 8.4.2
20231107 231010.062 INFO             PET11 ESMF library build date/time: "Jun 28 2023" "22:44:14"
20231107 231010.062 INFO             PET11 ESMF library build location : /home/conda/feedstock_root/build_artifacts/esmf_1687991243524/work
20231107 231010.062 INFO             PET11 ESMF_COMM                   : mpich
20231107 231010.069 INFO             PET11 ESMF_MOAB                   : enabled
20231107 231010.069 INFO             PET11 ESMF_LAPACK                 : enabled
20231107 231010.069 INFO             PET11 ESMF_NETCDF                 : enabled
20231107 231010.069 INFO             PET11 ESMF_PNETCDF                : disabled
20231107 231010.069 INFO             PET11 ESMF_PIO                    : enabled
20231107 231010.069 INFO             PET11 ESMF_YAMLCPP                : enabled
20231107 231228.636 INFO             PET11 Finalizing ESMF
20231108 024438.613 INFO             PET11 !!!!!!!!!!!!!!!!!!!!!!!!!!!!!!!!!!!!!!!!!!!!!!!!!!!!!!
20231108 024438.613 INFO             PET11 !!! THE ESMF_LOG IS SET TO OUTPUT ALL LOG MESSAGES !!!
20231108 024438.613 INFO             PET11 !!!     THIS MAY CAUSE SLOWDOWN IN PERFORMANCE     !!!
20231108 024438.613 INFO             PET11 !!! FOR PRODUCTION RUNS, USE:                      !!!
20231108 024438.613 INFO             PET11 !!!                   ESMF_LOGKIND_Multi_On_Error  !!!
20231108 024438.613 INFO             PET11 !!!!!!!!!!!!!!!!!!!!!!!!!!!!!!!!!!!!!!!!!!!!!!!!!!!!!!
20231108 024438.613 INFO             PET11 Running with ESMF Version   : 8.4.2
20231108 024438.613 INFO             PET11 ESMF library build date/time: "Jun 28 2023" "22:44:14"
20231108 024438.613 INFO             PET11 ESMF library build location : /home/conda/feedstock_root/build_artifacts/esmf_1687991243524/work
20231108 024438.613 INFO             PET11 ESMF_COMM                   : mpich
20231108 024438.682 INFO             PET11 ESMF_MOAB                   : enabled
20231108 024438.682 INFO             PET11 ESMF_LAPACK                 : enabled
20231108 024438.682 INFO             PET11 ESMF_NETCDF                 : enabled
20231108 024438.682 INFO             PET11 ESMF_PNETCDF                : disabled
20231108 024438.682 INFO             PET11 ESMF_PIO                    : enabled
20231108 024438.682 INFO             PET11 ESMF_YAMLCPP                : enabled
20231108 024514.717 INFO             PET11 Finalizing ESMF
20231108 030727.852 INFO             PET11 !!!!!!!!!!!!!!!!!!!!!!!!!!!!!!!!!!!!!!!!!!!!!!!!!!!!!!
20231108 030727.852 INFO             PET11 !!! THE ESMF_LOG IS SET TO OUTPUT ALL LOG MESSAGES !!!
20231108 030727.852 INFO             PET11 !!!     THIS MAY CAUSE SLOWDOWN IN PERFORMANCE     !!!
20231108 030727.852 INFO             PET11 !!! FOR PRODUCTION RUNS, USE:                      !!!
20231108 030727.852 INFO             PET11 !!!                   ESMF_LOGKIND_Multi_On_Error  !!!
20231108 030727.852 INFO             PET11 !!!!!!!!!!!!!!!!!!!!!!!!!!!!!!!!!!!!!!!!!!!!!!!!!!!!!!
20231108 030727.852 INFO             PET11 Running with ESMF Version   : 8.4.2
20231108 030727.852 INFO             PET11 ESMF library build date/time: "Jun 28 2023" "22:44:14"
20231108 030727.852 INFO             PET11 ESMF library build location : /home/conda/feedstock_root/build_artifacts/esmf_1687991243524/work
20231108 030727.852 INFO             PET11 ESMF_COMM                   : mpich
20231108 030727.901 INFO             PET11 ESMF_MOAB                   : enabled
20231108 030727.901 INFO             PET11 ESMF_LAPACK                 : enabled
20231108 030727.901 INFO             PET11 ESMF_NETCDF                 : enabled
20231108 030727.901 INFO             PET11 ESMF_PNETCDF                : disabled
20231108 030727.901 INFO             PET11 ESMF_PIO                    : enabled
20231108 030727.901 INFO             PET11 ESMF_YAMLCPP                : enabled
20231108 030840.574 INFO             PET11 Finalizing ESMF
20231108 034858.026 INFO             PET11 !!!!!!!!!!!!!!!!!!!!!!!!!!!!!!!!!!!!!!!!!!!!!!!!!!!!!!
20231108 034858.026 INFO             PET11 !!! THE ESMF_LOG IS SET TO OUTPUT ALL LOG MESSAGES !!!
20231108 034858.026 INFO             PET11 !!!     THIS MAY CAUSE SLOWDOWN IN PERFORMANCE     !!!
20231108 034858.026 INFO             PET11 !!! FOR PRODUCTION RUNS, USE:                      !!!
20231108 034858.026 INFO             PET11 !!!                   ESMF_LOGKIND_Multi_On_Error  !!!
20231108 034858.026 INFO             PET11 !!!!!!!!!!!!!!!!!!!!!!!!!!!!!!!!!!!!!!!!!!!!!!!!!!!!!!
20231108 034858.026 INFO             PET11 Running with ESMF Version   : 8.4.2
20231108 034858.026 INFO             PET11 ESMF library build date/time: "Jun 28 2023" "22:44:14"
20231108 034858.026 INFO             PET11 ESMF library build location : /home/conda/feedstock_root/build_artifacts/esmf_1687991243524/work
20231108 034858.026 INFO             PET11 ESMF_COMM                   : mpich
20231108 034858.066 INFO             PET11 ESMF_MOAB                   : enabled
20231108 034858.066 INFO             PET11 ESMF_LAPACK                 : enabled
20231108 034858.066 INFO             PET11 ESMF_NETCDF                 : enabled
20231108 034858.066 INFO             PET11 ESMF_PNETCDF                : disabled
20231108 034858.066 INFO             PET11 ESMF_PIO                    : enabled
20231108 034858.066 INFO             PET11 ESMF_YAMLCPP                : enabled
20231108 035005.611 INFO             PET11 Finalizing ESMF
20231108 053503.870 INFO             PET11 !!!!!!!!!!!!!!!!!!!!!!!!!!!!!!!!!!!!!!!!!!!!!!!!!!!!!!
20231108 053503.870 INFO             PET11 !!! THE ESMF_LOG IS SET TO OUTPUT ALL LOG MESSAGES !!!
20231108 053503.870 INFO             PET11 !!!     THIS MAY CAUSE SLOWDOWN IN PERFORMANCE     !!!
20231108 053503.870 INFO             PET11 !!! FOR PRODUCTION RUNS, USE:                      !!!
20231108 053503.870 INFO             PET11 !!!                   ESMF_LOGKIND_Multi_On_Error  !!!
20231108 053503.870 INFO             PET11 !!!!!!!!!!!!!!!!!!!!!!!!!!!!!!!!!!!!!!!!!!!!!!!!!!!!!!
20231108 053503.870 INFO             PET11 Running with ESMF Version   : 8.4.2
20231108 053503.870 INFO             PET11 ESMF library build date/time: "Jun 28 2023" "22:44:14"
20231108 053503.870 INFO             PET11 ESMF library build location : /home/conda/feedstock_root/build_artifacts/esmf_1687991243524/work
20231108 053503.870 INFO             PET11 ESMF_COMM                   : mpich
20231108 053503.928 INFO             PET11 ESMF_MOAB                   : enabled
20231108 053503.928 INFO             PET11 ESMF_LAPACK                 : enabled
20231108 053503.928 INFO             PET11 ESMF_NETCDF                 : enabled
20231108 053503.928 INFO             PET11 ESMF_PNETCDF                : disabled
20231108 053503.928 INFO             PET11 ESMF_PIO                    : enabled
20231108 053503.928 INFO             PET11 ESMF_YAMLCPP                : enabled
20231108 053609.697 INFO             PET11 Finalizing ESMF
20231108 061345.483 INFO             PET11 !!!!!!!!!!!!!!!!!!!!!!!!!!!!!!!!!!!!!!!!!!!!!!!!!!!!!!
20231108 061345.483 INFO             PET11 !!! THE ESMF_LOG IS SET TO OUTPUT ALL LOG MESSAGES !!!
20231108 061345.483 INFO             PET11 !!!     THIS MAY CAUSE SLOWDOWN IN PERFORMANCE     !!!
20231108 061345.483 INFO             PET11 !!! FOR PRODUCTION RUNS, USE:                      !!!
20231108 061345.483 INFO             PET11 !!!                   ESMF_LOGKIND_Multi_On_Error  !!!
20231108 061345.483 INFO             PET11 !!!!!!!!!!!!!!!!!!!!!!!!!!!!!!!!!!!!!!!!!!!!!!!!!!!!!!
20231108 061345.483 INFO             PET11 Running with ESMF Version   : 8.4.2
20231108 061345.484 INFO             PET11 ESMF library build date/time: "Jun 28 2023" "22:44:14"
20231108 061345.484 INFO             PET11 ESMF library build location : /home/conda/feedstock_root/build_artifacts/esmf_1687991243524/work
20231108 061345.484 INFO             PET11 ESMF_COMM                   : mpich
20231108 061345.525 INFO             PET11 ESMF_MOAB                   : enabled
20231108 061345.525 INFO             PET11 ESMF_LAPACK                 : enabled
20231108 061345.525 INFO             PET11 ESMF_NETCDF                 : enabled
20231108 061345.525 INFO             PET11 ESMF_PNETCDF                : disabled
20231108 061345.525 INFO             PET11 ESMF_PIO                    : enabled
20231108 061345.525 INFO             PET11 ESMF_YAMLCPP                : enabled
20231108 061412.875 INFO             PET11 Finalizing ESMF
20231108 062741.804 INFO             PET11 !!!!!!!!!!!!!!!!!!!!!!!!!!!!!!!!!!!!!!!!!!!!!!!!!!!!!!
20231108 062741.804 INFO             PET11 !!! THE ESMF_LOG IS SET TO OUTPUT ALL LOG MESSAGES !!!
20231108 062741.804 INFO             PET11 !!!     THIS MAY CAUSE SLOWDOWN IN PERFORMANCE     !!!
20231108 062741.804 INFO             PET11 !!! FOR PRODUCTION RUNS, USE:                      !!!
20231108 062741.804 INFO             PET11 !!!                   ESMF_LOGKIND_Multi_On_Error  !!!
20231108 062741.804 INFO             PET11 !!!!!!!!!!!!!!!!!!!!!!!!!!!!!!!!!!!!!!!!!!!!!!!!!!!!!!
20231108 062741.804 INFO             PET11 Running with ESMF Version   : 8.4.2
20231108 062741.804 INFO             PET11 ESMF library build date/time: "Jun 28 2023" "22:44:14"
20231108 062741.804 INFO             PET11 ESMF library build location : /home/conda/feedstock_root/build_artifacts/esmf_1687991243524/work
20231108 062741.804 INFO             PET11 ESMF_COMM                   : mpich
20231108 062741.845 INFO             PET11 ESMF_MOAB                   : enabled
20231108 062741.845 INFO             PET11 ESMF_LAPACK                 : enabled
20231108 062741.845 INFO             PET11 ESMF_NETCDF                 : enabled
20231108 062741.845 INFO             PET11 ESMF_PNETCDF                : disabled
20231108 062741.845 INFO             PET11 ESMF_PIO                    : enabled
20231108 062741.845 INFO             PET11 ESMF_YAMLCPP                : enabled
20231108 062808.211 INFO             PET11 Finalizing ESMF
20231108 064103.484 INFO             PET11 !!!!!!!!!!!!!!!!!!!!!!!!!!!!!!!!!!!!!!!!!!!!!!!!!!!!!!
20231108 064103.484 INFO             PET11 !!! THE ESMF_LOG IS SET TO OUTPUT ALL LOG MESSAGES !!!
20231108 064103.484 INFO             PET11 !!!     THIS MAY CAUSE SLOWDOWN IN PERFORMANCE     !!!
20231108 064103.484 INFO             PET11 !!! FOR PRODUCTION RUNS, USE:                      !!!
20231108 064103.484 INFO             PET11 !!!                   ESMF_LOGKIND_Multi_On_Error  !!!
20231108 064103.484 INFO             PET11 !!!!!!!!!!!!!!!!!!!!!!!!!!!!!!!!!!!!!!!!!!!!!!!!!!!!!!
20231108 064103.484 INFO             PET11 Running with ESMF Version   : 8.4.2
20231108 064103.484 INFO             PET11 ESMF library build date/time: "Jun 28 2023" "22:44:14"
20231108 064103.484 INFO             PET11 ESMF library build location : /home/conda/feedstock_root/build_artifacts/esmf_1687991243524/work
20231108 064103.484 INFO             PET11 ESMF_COMM                   : mpich
20231108 064103.527 INFO             PET11 ESMF_MOAB                   : enabled
20231108 064103.527 INFO             PET11 ESMF_LAPACK                 : enabled
20231108 064103.527 INFO             PET11 ESMF_NETCDF                 : enabled
20231108 064103.527 INFO             PET11 ESMF_PNETCDF                : disabled
20231108 064103.527 INFO             PET11 ESMF_PIO                    : enabled
20231108 064103.527 INFO             PET11 ESMF_YAMLCPP                : enabled
20231108 064320.207 INFO             PET11 Finalizing ESMF
20231108 081156.261 INFO             PET11 !!!!!!!!!!!!!!!!!!!!!!!!!!!!!!!!!!!!!!!!!!!!!!!!!!!!!!
20231108 081156.262 INFO             PET11 !!! THE ESMF_LOG IS SET TO OUTPUT ALL LOG MESSAGES !!!
20231108 081156.262 INFO             PET11 !!!     THIS MAY CAUSE SLOWDOWN IN PERFORMANCE     !!!
20231108 081156.262 INFO             PET11 !!! FOR PRODUCTION RUNS, USE:                      !!!
20231108 081156.262 INFO             PET11 !!!                   ESMF_LOGKIND_Multi_On_Error  !!!
20231108 081156.262 INFO             PET11 !!!!!!!!!!!!!!!!!!!!!!!!!!!!!!!!!!!!!!!!!!!!!!!!!!!!!!
20231108 081156.262 INFO             PET11 Running with ESMF Version   : 8.4.2
20231108 081156.262 INFO             PET11 ESMF library build date/time: "Jun 28 2023" "22:44:14"
20231108 081156.262 INFO             PET11 ESMF library build location : /home/conda/feedstock_root/build_artifacts/esmf_1687991243524/work
20231108 081156.262 INFO             PET11 ESMF_COMM                   : mpich
20231108 081156.310 INFO             PET11 ESMF_MOAB                   : enabled
20231108 081156.310 INFO             PET11 ESMF_LAPACK                 : enabled
20231108 081156.310 INFO             PET11 ESMF_NETCDF                 : enabled
20231108 081156.310 INFO             PET11 ESMF_PNETCDF                : disabled
20231108 081156.310 INFO             PET11 ESMF_PIO                    : enabled
20231108 081156.310 INFO             PET11 ESMF_YAMLCPP                : enabled
20231108 081415.748 INFO             PET11 Finalizing ESMF
20231108 090451.319 INFO             PET11 !!!!!!!!!!!!!!!!!!!!!!!!!!!!!!!!!!!!!!!!!!!!!!!!!!!!!!
20231108 090451.319 INFO             PET11 !!! THE ESMF_LOG IS SET TO OUTPUT ALL LOG MESSAGES !!!
20231108 090451.319 INFO             PET11 !!!     THIS MAY CAUSE SLOWDOWN IN PERFORMANCE     !!!
20231108 090451.319 INFO             PET11 !!! FOR PRODUCTION RUNS, USE:                      !!!
20231108 090451.319 INFO             PET11 !!!                   ESMF_LOGKIND_Multi_On_Error  !!!
20231108 090451.319 INFO             PET11 !!!!!!!!!!!!!!!!!!!!!!!!!!!!!!!!!!!!!!!!!!!!!!!!!!!!!!
20231108 090451.319 INFO             PET11 Running with ESMF Version   : 8.4.2
20231108 090451.320 INFO             PET11 ESMF library build date/time: "Jun 28 2023" "22:44:14"
20231108 090451.320 INFO             PET11 ESMF library build location : /home/conda/feedstock_root/build_artifacts/esmf_1687991243524/work
20231108 090451.320 INFO             PET11 ESMF_COMM                   : mpich
20231108 090451.327 INFO             PET11 ESMF_MOAB                   : enabled
20231108 090451.327 INFO             PET11 ESMF_LAPACK                 : enabled
20231108 090451.327 INFO             PET11 ESMF_NETCDF                 : enabled
20231108 090451.327 INFO             PET11 ESMF_PNETCDF                : disabled
20231108 090451.327 INFO             PET11 ESMF_PIO                    : enabled
20231108 090451.327 INFO             PET11 ESMF_YAMLCPP                : enabled
20231108 090504.545 INFO             PET11 Finalizing ESMF
20231108 090608.716 INFO             PET11 !!!!!!!!!!!!!!!!!!!!!!!!!!!!!!!!!!!!!!!!!!!!!!!!!!!!!!
20231108 090608.716 INFO             PET11 !!! THE ESMF_LOG IS SET TO OUTPUT ALL LOG MESSAGES !!!
20231108 090608.716 INFO             PET11 !!!     THIS MAY CAUSE SLOWDOWN IN PERFORMANCE     !!!
20231108 090608.716 INFO             PET11 !!! FOR PRODUCTION RUNS, USE:                      !!!
20231108 090608.716 INFO             PET11 !!!                   ESMF_LOGKIND_Multi_On_Error  !!!
20231108 090608.716 INFO             PET11 !!!!!!!!!!!!!!!!!!!!!!!!!!!!!!!!!!!!!!!!!!!!!!!!!!!!!!
20231108 090608.716 INFO             PET11 Running with ESMF Version   : 8.4.2
20231108 090608.717 INFO             PET11 ESMF library build date/time: "Jun 28 2023" "22:44:14"
20231108 090608.717 INFO             PET11 ESMF library build location : /home/conda/feedstock_root/build_artifacts/esmf_1687991243524/work
20231108 090608.717 INFO             PET11 ESMF_COMM                   : mpich
20231108 090608.723 INFO             PET11 ESMF_MOAB                   : enabled
20231108 090608.723 INFO             PET11 ESMF_LAPACK                 : enabled
20231108 090608.723 INFO             PET11 ESMF_NETCDF                 : enabled
20231108 090608.723 INFO             PET11 ESMF_PNETCDF                : disabled
20231108 090608.723 INFO             PET11 ESMF_PIO                    : enabled
20231108 090608.723 INFO             PET11 ESMF_YAMLCPP                : enabled
20231108 090623.050 INFO             PET11 Finalizing ESMF
20231108 090724.627 INFO             PET11 !!!!!!!!!!!!!!!!!!!!!!!!!!!!!!!!!!!!!!!!!!!!!!!!!!!!!!
20231108 090724.627 INFO             PET11 !!! THE ESMF_LOG IS SET TO OUTPUT ALL LOG MESSAGES !!!
20231108 090724.627 INFO             PET11 !!!     THIS MAY CAUSE SLOWDOWN IN PERFORMANCE     !!!
20231108 090724.627 INFO             PET11 !!! FOR PRODUCTION RUNS, USE:                      !!!
20231108 090724.627 INFO             PET11 !!!                   ESMF_LOGKIND_Multi_On_Error  !!!
20231108 090724.627 INFO             PET11 !!!!!!!!!!!!!!!!!!!!!!!!!!!!!!!!!!!!!!!!!!!!!!!!!!!!!!
20231108 090724.627 INFO             PET11 Running with ESMF Version   : 8.4.2
20231108 090724.629 INFO             PET11 ESMF library build date/time: "Jun 28 2023" "22:44:14"
20231108 090724.629 INFO             PET11 ESMF library build location : /home/conda/feedstock_root/build_artifacts/esmf_1687991243524/work
20231108 090724.629 INFO             PET11 ESMF_COMM                   : mpich
20231108 090724.634 INFO             PET11 ESMF_MOAB                   : enabled
20231108 090724.634 INFO             PET11 ESMF_LAPACK                 : enabled
20231108 090724.634 INFO             PET11 ESMF_NETCDF                 : enabled
20231108 090724.634 INFO             PET11 ESMF_PNETCDF                : disabled
20231108 090724.634 INFO             PET11 ESMF_PIO                    : enabled
20231108 090724.634 INFO             PET11 ESMF_YAMLCPP                : enabled
20231108 091645.156 INFO             PET11 Finalizing ESMF
20231108 115804.399 INFO             PET11 !!!!!!!!!!!!!!!!!!!!!!!!!!!!!!!!!!!!!!!!!!!!!!!!!!!!!!
20231108 115804.399 INFO             PET11 !!! THE ESMF_LOG IS SET TO OUTPUT ALL LOG MESSAGES !!!
20231108 115804.399 INFO             PET11 !!!     THIS MAY CAUSE SLOWDOWN IN PERFORMANCE     !!!
20231108 115804.399 INFO             PET11 !!! FOR PRODUCTION RUNS, USE:                      !!!
20231108 115804.399 INFO             PET11 !!!                   ESMF_LOGKIND_Multi_On_Error  !!!
20231108 115804.399 INFO             PET11 !!!!!!!!!!!!!!!!!!!!!!!!!!!!!!!!!!!!!!!!!!!!!!!!!!!!!!
20231108 115804.399 INFO             PET11 Running with ESMF Version   : 8.4.2
20231108 115804.400 INFO             PET11 ESMF library build date/time: "Jun 28 2023" "22:44:14"
20231108 115804.400 INFO             PET11 ESMF library build location : /home/conda/feedstock_root/build_artifacts/esmf_1687991243524/work
20231108 115804.400 INFO             PET11 ESMF_COMM                   : mpich
20231108 115804.413 INFO             PET11 ESMF_MOAB                   : enabled
20231108 115804.413 INFO             PET11 ESMF_LAPACK                 : enabled
20231108 115804.413 INFO             PET11 ESMF_NETCDF                 : enabled
20231108 115804.413 INFO             PET11 ESMF_PNETCDF                : disabled
20231108 115804.413 INFO             PET11 ESMF_PIO                    : enabled
20231108 115804.413 INFO             PET11 ESMF_YAMLCPP                : enabled
20231108 115821.180 INFO             PET11 Finalizing ESMF
